\BOOKMARK [0][-]{chapter.1}{\376\377\000I\000n\000t\000r\000o\000d\000u\000c\000t\000i\000o\000n}{}% 1
\BOOKMARK [1][-]{section.1.1}{\376\377\000C\000a\000n\000c\000e\000r}{chapter.1}% 2
\BOOKMARK [2][-]{subsection.1.1.1}{\376\377\000C\000a\000r\000c\000i\000n\000o\000g\000e\000n\000e\000s\000i\000s}{section.1.1}% 3
\BOOKMARK [2][-]{subsection.1.1.2}{\376\377\000C\000u\000r\000r\000e\000n\000t\000\040\000t\000r\000e\000a\000t\000m\000e\000n\000t}{section.1.1}% 4
\BOOKMARK [2][-]{subsection.1.1.3}{\376\377\000T\000a\000r\000g\000e\000t\000\040\000t\000h\000e\000r\000a\000p\000y}{section.1.1}% 5
\BOOKMARK [0][-]{chapter.2}{\376\377\000C\000l\000a\000s\000s\000i\000f\000y\000i\000n\000g\000\040\000m\000u\000t\000a\000t\000i\000o\000n\000s}{}% 6
\BOOKMARK [1][-]{section.2.1}{\376\377\000M\000u\000t\000a\000t\000i\000o\000n\000s}{chapter.2}% 7
\BOOKMARK [2][-]{subsection.2.1.1}{\376\377\000P\000a\000s\000s\000e\000n\000g\000e\000r\000\040\000a\000n\000d\000\040\000d\000r\000i\000v\000e\000r\000\040\000m\000u\000t\000a\000t\000i\000o\000n\000s}{section.2.1}% 8
\BOOKMARK [1][-]{section.2.2}{\376\377\000C\000l\000a\000s\000s\000i\000f\000y\000i\000n\000g\000\040\000m\000u\000t\000a\000t\000i\000o\000n\000s}{chapter.2}% 9
\BOOKMARK [2][-]{subsection.2.2.1}{\376\377\000F\000r\000e\000q\000u\000e\000n\000c\000y}{section.2.2}% 10
\BOOKMARK [2][-]{subsection.2.2.2}{\376\377\000M\000u\000t\000u\000a\000l\000\040\000e\000x\000c\000l\000u\000s\000i\000v\000i\000t\000y\000\040\000a\000n\000d\000\040\000c\000o\000v\000e\000r\000a\000g\000e}{section.2.2}% 11
\BOOKMARK [1][-]{section.2.3}{\376\377\000M\000u\000t\000u\000a\000l\000\040\000e\000x\000c\000l\000u\000s\000i\000v\000i\000t\000y\000\040\000f\000o\000r\000m\000a\000l\000i\000z\000a\000t\000i\000o\000n}{chapter.2}% 12
\BOOKMARK [2][-]{subsection.2.3.1}{\376\377\000H\000a\000r\000d\000\040\000a\000n\000d\000\040\000s\000o\000f\000t\000\040\000m\000u\000t\000u\000a\000l\000\040\000e\000x\000c\000l\000u\000s\000i\000v\000i\000t\000y}{section.2.3}% 13
\BOOKMARK [2][-]{subsection.2.3.2}{\376\377\000M\000u\000t\000u\000a\000l\000\040\000e\000x\000c\000l\000u\000s\000i\000v\000i\000t\000y\000\040\000o\000f\000\040\000a\000\040\000g\000r\000o\000u\000p}{section.2.3}% 14
\BOOKMARK [2][-]{subsection.2.3.3}{\376\377\000A\000\040\000d\000e\000t\000e\000r\000m\000i\000n\000i\000s\000t\000i\000c\000\040\000e\000q\000u\000a\000t\000i\000o\000n}{section.2.3}% 15
\BOOKMARK [2][-]{subsection.2.3.4}{\376\377\000E\000x\000t\000e\000n\000d\000i\000n\000g\000\040\000t\000h\000e\000\040\000d\000e\000t\000e\000r\000m\000i\000n\000i\000s\000t\000i\000c\000\040\000e\000q\000u\000a\000t\000i\000o\000n}{section.2.3}% 16
\BOOKMARK [2][-]{subsection.2.3.5}{\376\377\000A\000\040\000s\000t\000a\000t\000i\000s\000t\000i\000c\000a\000l\000\040\000a\000p\000p\000r\000o\000a\000c\000h}{section.2.3}% 17
\BOOKMARK [2][-]{subsection.2.3.6}{\376\377\000A\000\040\000c\000l\000u\000s\000t\000e\000r\000i\000n\000g\000\040\000a\000p\000p\000r\000o\000a\000c\000h}{section.2.3}% 18
\BOOKMARK [0][-]{chapter.3}{\376\377\000F\000i\000n\000d\000i\000n\000g\000\040\000d\000r\000i\000v\000e\000r\000\040\000m\000u\000t\000a\000t\000i\000o\000n\000s}{}% 19
\BOOKMARK [1][-]{section.3.1}{\376\377\000D\000e\000n\000d\000r\000i\000x}{chapter.3}% 20
\BOOKMARK [1][-]{section.3.2}{\376\377\000M\000u\000l\000t\000i\000-\000D\000e\000n\000d\000r\000i\000x}{chapter.3}% 21
\BOOKMARK [2][-]{subsection.3.2.1}{\376\377\000A\000n\000\040\000a\000l\000t\000e\000r\000n\000a\000t\000i\000v\000e\000\040\000s\000o\000l\000u\000t\000i\000o\000n\000\040\000t\000o\000\040\000D\000e\000n\000d\000r\000i\000x}{section.3.2}% 22
\BOOKMARK [2][-]{subsection.3.2.2}{\376\377\000T\000h\000e\000\040\000I\000L\000P}{section.3.2}% 23
\BOOKMARK [1][-]{section.3.3}{\376\377\000M\000D\000P\000F\000i\000n\000d\000e\000r}{chapter.3}% 24
\BOOKMARK [2][-]{subsection.3.3.1}{\376\377\000T\000h\000e\000\040\000g\000e\000n\000e\000t\000i\000c\000\040\000a\000l\000g\000o\000r\000i\000t\000h\000m}{section.3.3}% 25
\BOOKMARK [2][-]{subsection.3.3.2}{\376\377\000T\000h\000e\000\040\000i\000n\000t\000e\000g\000r\000a\000t\000i\000o\000n\000\040\000p\000r\000o\000c\000e\000d\000u\000r\000e}{section.3.3}% 26
\BOOKMARK [1][-]{section.3.4}{\376\377\000M\000u\000t\000e\000x}{chapter.3}% 27
\BOOKMARK [2][-]{subsection.3.4.1}{\376\377\000A\000\040\000g\000r\000e\000e\000d\000y\000\040\000a\000p\000p\000r\000o\000a\000c\000h}{section.3.4}% 28
\BOOKMARK [1][-]{section.3.5}{\376\377\000C\0003}{chapter.3}% 29
\BOOKMARK [2][-]{subsection.3.5.1}{\376\377\000M\000u\000l\000t\000i\000p\000l\000e\000\040\000v\000e\000r\000s\000i\000o\000n\000s}{section.3.5}% 30
\BOOKMARK [2][-]{subsection.3.5.2}{\376\377\000M\000E\000-\000C\000O}{section.3.5}% 31
\BOOKMARK [2][-]{subsection.3.5.3}{\376\377\000N\000I\000-\000M\000E\000-\000C\000O}{section.3.5}% 32
\BOOKMARK [2][-]{subsection.3.5.4}{\376\377\000E\000X\000-\000M\000E\000-\000C\000O}{section.3.5}% 33
\BOOKMARK [0][-]{chapter*.47}{\376\377\000A\000c\000k\000n\000o\000w\000l\000e\000d\000g\000e\000m\000e\000n\000t\000s}{}% 34
