This is pdfTeX, Version 3.141592653-2.6-1.40.25 (TeX Live 2023/Arch Linux) (preloaded format=pdflatex 2024.1.27)  2 OCT 2024 16:10
entering extended mode
 restricted \write18 enabled.
 file:line:error style messages enabled.
 %&-line parsing enabled.
**Thesis.tex
(./Thesis.tex
LaTeX2e <2022-11-01> patch level 1
L3 programming layer <2023-02-22> (./sapthesis.cls
Document Class: sapthesis 2022/07/04 Sapienza University of Rome thesis class
(/usr/share/texmf-dist/tex/latex/xkeyval/xkeyval.sty
Package: xkeyval 2022/06/16 v2.9 package option processing (HA)
 (/usr/share/texmf-dist/tex/generic/xkeyval/xkeyval.tex (/usr/share/texmf-dist/tex/generic/xkeyval/xkvutils.tex
\XKV@toks=\toks16
\XKV@tempa@toks=\toks17
 (/usr/share/texmf-dist/tex/generic/xkeyval/keyval.tex))
\XKV@depth=\count185
File: xkeyval.tex 2014/12/03 v2.7a key=value parser (HA)
))
\SAP@binding=\skip48
 (/usr/share/texmf-dist/tex/latex/base/book.cls
Document Class: book 2022/07/02 v1.4n Standard LaTeX document class
(/usr/share/texmf-dist/tex/latex/base/bk11.clo
File: bk11.clo 2022/07/02 v1.4n Standard LaTeX file (size option)
)
\c@part=\count186
\c@chapter=\count187
\c@section=\count188
\c@subsection=\count189
\c@subsubsection=\count190
\c@paragraph=\count191
\c@subparagraph=\count192
\c@figure=\count193
\c@table=\count194
\abovecaptionskip=\skip49
\belowcaptionskip=\skip50
\bibindent=\dimen140
) (/usr/share/texmf-dist/tex/latex/geometry/geometry.sty
Package: geometry 2020/01/02 v5.9 Page Geometry
 (/usr/share/texmf-dist/tex/generic/iftex/ifvtex.sty
Package: ifvtex 2019/10/25 v1.7 ifvtex legacy package. Use iftex instead.
 (/usr/share/texmf-dist/tex/generic/iftex/iftex.sty
Package: iftex 2022/02/03 v1.0f TeX engine tests
))
\Gm@cnth=\count195
\Gm@cntv=\count196
\c@Gm@tempcnt=\count197
\Gm@bindingoffset=\dimen141
\Gm@wd@mp=\dimen142
\Gm@odd@mp=\dimen143
\Gm@even@mp=\dimen144
\Gm@layoutwidth=\dimen145
\Gm@layoutheight=\dimen146
\Gm@layouthoffset=\dimen147
\Gm@layoutvoffset=\dimen148
\Gm@dimlist=\toks18
) (/usr/share/texmf-dist/tex/generic/iftex/ifxetex.sty
Package: ifxetex 2019/10/25 v0.7 ifxetex legacy package. Use iftex instead.
) (/usr/share/texmf-dist/tex/latex/base/fontenc.sty
Package: fontenc 2021/04/29 v2.0v Standard LaTeX package
) (/usr/share/texmf-dist/tex/latex/base/textcomp.sty
Package: textcomp 2020/02/02 v2.0n Standard LaTeX package
) (/usr/share/texmf-dist/tex/latex/lm/lmodern.sty
Package: lmodern 2015/05/01 v1.6.1 Latin Modern Fonts
LaTeX Font Info:    Overwriting symbol font `operators' in version `normal'
(Font)                  OT1/cmr/m/n --> OT1/lmr/m/n on input line 22.
LaTeX Font Info:    Overwriting symbol font `letters' in version `normal'
(Font)                  OML/cmm/m/it --> OML/lmm/m/it on input line 23.
LaTeX Font Info:    Overwriting symbol font `symbols' in version `normal'
(Font)                  OMS/cmsy/m/n --> OMS/lmsy/m/n on input line 24.
LaTeX Font Info:    Overwriting symbol font `largesymbols' in version `normal'
(Font)                  OMX/cmex/m/n --> OMX/lmex/m/n on input line 25.
LaTeX Font Info:    Overwriting symbol font `operators' in version `bold'
(Font)                  OT1/cmr/bx/n --> OT1/lmr/bx/n on input line 26.
LaTeX Font Info:    Overwriting symbol font `letters' in version `bold'
(Font)                  OML/cmm/b/it --> OML/lmm/b/it on input line 27.
LaTeX Font Info:    Overwriting symbol font `symbols' in version `bold'
(Font)                  OMS/cmsy/b/n --> OMS/lmsy/b/n on input line 28.
LaTeX Font Info:    Overwriting symbol font `largesymbols' in version `bold'
(Font)                  OMX/cmex/m/n --> OMX/lmex/m/n on input line 29.
LaTeX Font Info:    Overwriting math alphabet `\mathbf' in version `normal'
(Font)                  OT1/cmr/bx/n --> OT1/lmr/bx/n on input line 31.
LaTeX Font Info:    Overwriting math alphabet `\mathsf' in version `normal'
(Font)                  OT1/cmss/m/n --> OT1/lmss/m/n on input line 32.
LaTeX Font Info:    Overwriting math alphabet `\mathit' in version `normal'
(Font)                  OT1/cmr/m/it --> OT1/lmr/m/it on input line 33.
LaTeX Font Info:    Overwriting math alphabet `\mathtt' in version `normal'
(Font)                  OT1/cmtt/m/n --> OT1/lmtt/m/n on input line 34.
LaTeX Font Info:    Overwriting math alphabet `\mathbf' in version `bold'
(Font)                  OT1/cmr/bx/n --> OT1/lmr/bx/n on input line 35.
LaTeX Font Info:    Overwriting math alphabet `\mathsf' in version `bold'
(Font)                  OT1/cmss/bx/n --> OT1/lmss/bx/n on input line 36.
LaTeX Font Info:    Overwriting math alphabet `\mathit' in version `bold'
(Font)                  OT1/cmr/bx/it --> OT1/lmr/bx/it on input line 37.
LaTeX Font Info:    Overwriting math alphabet `\mathtt' in version `bold'
(Font)                  OT1/cmtt/m/n --> OT1/lmtt/m/n on input line 38.
) (/usr/share/texmf-dist/tex/latex/caption/caption.sty
Package: caption 2023/03/12 v3.6j Customizing captions (AR)
 (/usr/share/texmf-dist/tex/latex/caption/caption3.sty
Package: caption3 2023/03/12 v2.4 caption3 kernel (AR)
\caption@tempdima=\dimen149
\captionmargin=\dimen150
\caption@leftmargin=\dimen151
\caption@rightmargin=\dimen152
\caption@width=\dimen153
\caption@indent=\dimen154
\caption@parindent=\dimen155
\caption@hangindent=\dimen156
Package caption Info: Standard document class detected.
)
\c@caption@flags=\count198
\c@continuedfloat=\count199
) (/usr/share/texmf-dist/tex/latex/graphics/graphicx.sty
Package: graphicx 2021/09/16 v1.2d Enhanced LaTeX Graphics (DPC,SPQR)
 (/usr/share/texmf-dist/tex/latex/graphics/graphics.sty
Package: graphics 2022/03/10 v1.4e Standard LaTeX Graphics (DPC,SPQR)
 (/usr/share/texmf-dist/tex/latex/graphics/trig.sty
Package: trig 2021/08/11 v1.11 sin cos tan (DPC)
) (/usr/share/texmf-dist/tex/latex/graphics-cfg/graphics.cfg
File: graphics.cfg 2016/06/04 v1.11 sample graphics configuration
)
Package graphics Info: Driver file: pdftex.def on input line 107.
 (/usr/share/texmf-dist/tex/latex/graphics-def/pdftex.def
File: pdftex.def 2022/09/22 v1.2b Graphics/color driver for pdftex
))
\Gin@req@height=\dimen157
\Gin@req@width=\dimen158
) (/usr/share/texmf-dist/tex/latex/graphics/color.sty
Package: color 2022/01/06 v1.3d Standard LaTeX Color (DPC)
 (/usr/share/texmf-dist/tex/latex/graphics-cfg/color.cfg
File: color.cfg 2016/01/02 v1.6 sample color configuration
)
Package color Info: Driver file: pdftex.def on input line 149.
 (/usr/share/texmf-dist/tex/latex/graphics/mathcolor.ltx)) (/usr/share/texmf-dist/tex/latex/booktabs/booktabs.sty
Package: booktabs 2020/01/12 v1.61803398 Publication quality tables
\heavyrulewidth=\dimen159
\lightrulewidth=\dimen160
\cmidrulewidth=\dimen161
\belowrulesep=\dimen162
\belowbottomsep=\dimen163
\aboverulesep=\dimen164
\abovetopsep=\dimen165
\cmidrulesep=\dimen166
\cmidrulekern=\dimen167
\defaultaddspace=\dimen168
\@cmidla=\count266
\@cmidlb=\count267
\@aboverulesep=\dimen169
\@belowrulesep=\dimen170
\@thisruleclass=\count268
\@lastruleclass=\count269
\@thisrulewidth=\dimen171
) (/usr/share/texmf-dist/tex/latex/amsmath/amsmath.sty
Package: amsmath 2022/04/08 v2.17n AMS math features
\@mathmargin=\skip51

For additional information on amsmath, use the `?' option.
(/usr/share/texmf-dist/tex/latex/amsmath/amstext.sty
Package: amstext 2021/08/26 v2.01 AMS text
 (/usr/share/texmf-dist/tex/latex/amsmath/amsgen.sty
File: amsgen.sty 1999/11/30 v2.0 generic functions
\@emptytoks=\toks19
\ex@=\dimen172
)) (/usr/share/texmf-dist/tex/latex/amsmath/amsbsy.sty
Package: amsbsy 1999/11/29 v1.2d Bold Symbols
\pmbraise@=\dimen173
) (/usr/share/texmf-dist/tex/latex/amsmath/amsopn.sty
Package: amsopn 2022/04/08 v2.04 operator names
)
\inf@bad=\count270
LaTeX Info: Redefining \frac on input line 234.
\uproot@=\count271
\leftroot@=\count272
LaTeX Info: Redefining \overline on input line 399.
LaTeX Info: Redefining \colon on input line 410.
\classnum@=\count273
\DOTSCASE@=\count274
LaTeX Info: Redefining \ldots on input line 496.
LaTeX Info: Redefining \dots on input line 499.
LaTeX Info: Redefining \cdots on input line 620.
\Mathstrutbox@=\box51
\strutbox@=\box52
LaTeX Info: Redefining \big on input line 722.
LaTeX Info: Redefining \Big on input line 723.
LaTeX Info: Redefining \bigg on input line 724.
LaTeX Info: Redefining \Bigg on input line 725.
\big@size=\dimen174
LaTeX Font Info:    Redeclaring font encoding OML on input line 743.
LaTeX Font Info:    Redeclaring font encoding OMS on input line 744.
\macc@depth=\count275
LaTeX Info: Redefining \bmod on input line 905.
LaTeX Info: Redefining \pmod on input line 910.
LaTeX Info: Redefining \smash on input line 940.
LaTeX Info: Redefining \relbar on input line 970.
LaTeX Info: Redefining \Relbar on input line 971.
\c@MaxMatrixCols=\count276
\dotsspace@=\muskip16
\c@parentequation=\count277
\dspbrk@lvl=\count278
\tag@help=\toks20
\row@=\count279
\column@=\count280
\maxfields@=\count281
\andhelp@=\toks21
\eqnshift@=\dimen175
\alignsep@=\dimen176
\tagshift@=\dimen177
\tagwidth@=\dimen178
\totwidth@=\dimen179
\lineht@=\dimen180
\@envbody=\toks22
\multlinegap=\skip52
\multlinetaggap=\skip53
\mathdisplay@stack=\toks23
LaTeX Info: Redefining \[ on input line 2953.
LaTeX Info: Redefining \] on input line 2954.
) (/usr/share/texmf-dist/tex/latex/etoolbox/etoolbox.sty
Package: etoolbox 2020/10/05 v2.5k e-TeX tools for LaTeX (JAW)
\etb@tempcnta=\count282
) (/usr/share/texmf-dist/tex/latex/fancyhdr/fancyhdr.sty
Package: fancyhdr 2022/11/09 v4.1 Extensive control of page headers and footers
\f@nch@headwidth=\skip54
\f@nch@O@elh=\skip55
\f@nch@O@erh=\skip56
\f@nch@O@olh=\skip57
\f@nch@O@orh=\skip58
\f@nch@O@elf=\skip59
\f@nch@O@erf=\skip60
\f@nch@O@olf=\skip61
\f@nch@O@orf=\skip62
)
\SAP@advisorcount=\count283
\SAP@advisortoks=\toks24
\SAP@coadvisorcount=\count284
\SAP@coadvisortoks=\toks25
\SAP@reviewercount=\count285
\SAP@reviewertoks=\toks26
\SAP@directorcount=\count286
\SAP@directortoks=\toks27
\SAP@examinercount=\count287
\SAP@examinertoks=\toks28
) (/usr/share/texmf-dist/tex/latex/microtype/microtype.sty
Package: microtype 2023/03/13 v3.1a Micro-typographical refinements (RS)
\MT@toks=\toks29
\MT@tempbox=\box53
\MT@count=\count288
LaTeX Info: Redefining \noprotrusionifhmode on input line 1059.
LaTeX Info: Redefining \leftprotrusion on input line 1060.
\MT@prot@toks=\toks30
LaTeX Info: Redefining \rightprotrusion on input line 1078.
LaTeX Info: Redefining \textls on input line 1368.
\MT@outer@kern=\dimen181
LaTeX Info: Redefining \textmicrotypecontext on input line 1988.
\MT@listname@count=\count289
 (/usr/share/texmf-dist/tex/latex/microtype/microtype-pdftex.def
File: microtype-pdftex.def 2023/03/13 v3.1a Definitions specific to pdftex (RS)
LaTeX Info: Redefining \lsstyle on input line 902.
LaTeX Info: Redefining \lslig on input line 902.
\MT@outer@space=\skip63
)
Package microtype Info: Loading configuration file microtype.cfg.
 (/usr/share/texmf-dist/tex/latex/microtype/microtype.cfg
File: microtype.cfg 2023/03/13 v3.1a microtype main configuration file (RS)
)) (/usr/share/texmf-dist/tex/generic/babel/babel.sty
Package: babel 2023/02/13 3.86 The Babel package
\babel@savecnt=\count290
\U@D=\dimen182
\l@unhyphenated=\language4
 (/usr/share/texmf-dist/tex/generic/babel/txtbabel.def)
\bbl@readstream=\read2
\bbl@dirlevel=\count291
 (/usr/share/texmf-dist/tex/generic/babel-english/english.ldf
Language: english 2017/06/06 v3.3r English support from the babel system
Package babel Info: Hyphen rules for 'british' set to \l@english
(babel)             (\language0). Reported on input line 82.
Package babel Info: Hyphen rules for 'UKenglish' set to \l@english
(babel)             (\language0). Reported on input line 83.
Package babel Info: Hyphen rules for 'canadian' set to \l@english
(babel)             (\language0). Reported on input line 102.
Package babel Info: Hyphen rules for 'australian' set to \l@english
(babel)             (\language0). Reported on input line 105.
Package babel Info: Hyphen rules for 'newzealand' set to \l@english
(babel)             (\language0). Reported on input line 108.
)) (/usr/share/texmf-dist/tex/generic/babel/locale/en/babel-english.tex
Package babel Info: Importing font and identification data for english
(babel)             from babel-en.ini. Reported on input line 11.
) (/usr/share/texmf-dist/tex/latex/base/inputenc.sty
Package: inputenc 2021/02/14 v1.3d Input encoding file
\inpenc@prehook=\toks31
\inpenc@posthook=\toks32
) (/usr/share/texmf-dist/tex/latex/hyperref/hyperref.sty
Package: hyperref 2023-02-07 v7.00v Hypertext links for LaTeX
 (/usr/share/texmf-dist/tex/generic/ltxcmds/ltxcmds.sty
Package: ltxcmds 2020-05-10 v1.25 LaTeX kernel commands for general use (HO)
) (/usr/share/texmf-dist/tex/generic/pdftexcmds/pdftexcmds.sty
Package: pdftexcmds 2020-06-27 v0.33 Utility functions of pdfTeX for LuaTeX (HO)
 (/usr/share/texmf-dist/tex/generic/infwarerr/infwarerr.sty
Package: infwarerr 2019/12/03 v1.5 Providing info/warning/error messages (HO)
)
Package pdftexcmds Info: \pdf@primitive is available.
Package pdftexcmds Info: \pdf@ifprimitive is available.
Package pdftexcmds Info: \pdfdraftmode found.
) (/usr/share/texmf-dist/tex/latex/kvsetkeys/kvsetkeys.sty
Package: kvsetkeys 2022-10-05 v1.19 Key value parser (HO)
) (/usr/share/texmf-dist/tex/generic/kvdefinekeys/kvdefinekeys.sty
Package: kvdefinekeys 2019-12-19 v1.6 Define keys (HO)
) (/usr/share/texmf-dist/tex/generic/pdfescape/pdfescape.sty
Package: pdfescape 2019/12/09 v1.15 Implements pdfTeX's escape features (HO)
) (/usr/share/texmf-dist/tex/latex/hycolor/hycolor.sty
Package: hycolor 2020-01-27 v1.10 Color options for hyperref/bookmark (HO)
) (/usr/share/texmf-dist/tex/latex/letltxmacro/letltxmacro.sty
Package: letltxmacro 2019/12/03 v1.6 Let assignment for LaTeX macros (HO)
) (/usr/share/texmf-dist/tex/latex/auxhook/auxhook.sty
Package: auxhook 2019-12-17 v1.6 Hooks for auxiliary files (HO)
) (/usr/share/texmf-dist/tex/latex/hyperref/nameref.sty
Package: nameref 2022-05-17 v2.50 Cross-referencing by name of section
 (/usr/share/texmf-dist/tex/latex/refcount/refcount.sty
Package: refcount 2019/12/15 v3.6 Data extraction from label references (HO)
) (/usr/share/texmf-dist/tex/generic/gettitlestring/gettitlestring.sty
Package: gettitlestring 2019/12/15 v1.6 Cleanup title references (HO)
 (/usr/share/texmf-dist/tex/latex/kvoptions/kvoptions.sty
Package: kvoptions 2022-06-15 v3.15 Key value format for package options (HO)
))
\c@section@level=\count292
)
\@linkdim=\dimen183
\Hy@linkcounter=\count293
\Hy@pagecounter=\count294
 (/usr/share/texmf-dist/tex/latex/hyperref/pd1enc.def
File: pd1enc.def 2023-02-07 v7.00v Hyperref: PDFDocEncoding definition (HO)
Now handling font encoding PD1 ...
... no UTF-8 mapping file for font encoding PD1
) (/usr/share/texmf-dist/tex/generic/intcalc/intcalc.sty
Package: intcalc 2019/12/15 v1.3 Expandable calculations with integers (HO)
) (/usr/share/texmf-dist/tex/generic/etexcmds/etexcmds.sty
Package: etexcmds 2019/12/15 v1.7 Avoid name clashes with e-TeX commands (HO)
)
\Hy@SavedSpaceFactor=\count295
 (/usr/share/texmf-dist/tex/latex/hyperref/puenc.def
File: puenc.def 2023-02-07 v7.00v Hyperref: PDF Unicode definition (HO)
Now handling font encoding PU ...
... no UTF-8 mapping file for font encoding PU
)
Package hyperref Info: Hyper figures OFF on input line 4177.
Package hyperref Info: Link nesting OFF on input line 4182.
Package hyperref Info: Hyper index ON on input line 4185.
Package hyperref Info: Plain pages OFF on input line 4192.
Package hyperref Info: Backreferencing OFF on input line 4197.
Package hyperref Info: Implicit mode ON; LaTeX internals redefined.
Package hyperref Info: Bookmarks ON on input line 4425.
\c@Hy@tempcnt=\count296
 (/usr/share/texmf-dist/tex/latex/url/url.sty
\Urlmuskip=\muskip17
Package: url 2013/09/16  ver 3.4  Verb mode for urls, etc.
)
LaTeX Info: Redefining \url on input line 4763.
\XeTeXLinkMargin=\dimen184
 (/usr/share/texmf-dist/tex/generic/bitset/bitset.sty
Package: bitset 2019/12/09 v1.3 Handle bit-vector datatype (HO)

(/usr/share/texmf-dist/tex/generic/bigintcalc/bigintcalc.sty
Package: bigintcalc 2019/12/15 v1.5 Expandable calculations on big integers (HO)
))
\Fld@menulength=\count297
\Field@Width=\dimen185
\Fld@charsize=\dimen186
Package hyperref Info: Hyper figures OFF on input line 6042.
Package hyperref Info: Link nesting OFF on input line 6047.
Package hyperref Info: Hyper index ON on input line 6050.
Package hyperref Info: backreferencing OFF on input line 6057.
Package hyperref Info: Link coloring OFF on input line 6062.
Package hyperref Info: Link coloring with OCG OFF on input line 6067.
Package hyperref Info: PDF/A mode OFF on input line 6072.
 (/usr/share/texmf-dist/tex/latex/base/atbegshi-ltx.sty
Package: atbegshi-ltx 2021/01/10 v1.0c Emulation of the original atbegshi
package with kernel methods
)
\Hy@abspage=\count298
\c@Item=\count299
\c@Hfootnote=\count300
)
Package hyperref Info: Driver (autodetected): hpdftex.
 (/usr/share/texmf-dist/tex/latex/hyperref/hpdftex.def
File: hpdftex.def 2023-02-07 v7.00v Hyperref driver for pdfTeX
 (/usr/share/texmf-dist/tex/latex/base/atveryend-ltx.sty
Package: atveryend-ltx 2020/08/19 v1.0a Emulation of the original atveryend package
with kernel methods
)
\Fld@listcount=\count301
\c@bookmark@seq@number=\count302
 (/usr/share/texmf-dist/tex/latex/rerunfilecheck/rerunfilecheck.sty
Package: rerunfilecheck 2022-07-10 v1.10 Rerun checks for auxiliary files (HO)
 (/usr/share/texmf-dist/tex/generic/uniquecounter/uniquecounter.sty
Package: uniquecounter 2019/12/15 v1.4 Provide unlimited unique counter (HO)
)
Package uniquecounter Info: New unique counter `rerunfilecheck' on input line 285.
)
\Hy@SectionHShift=\skip64
) (/usr/share/texmf-dist/tex/latex/listings/listings.sty
\lst@mode=\count303
\lst@gtempboxa=\box54
\lst@token=\toks33
\lst@length=\count304
\lst@currlwidth=\dimen187
\lst@column=\count305
\lst@pos=\count306
\lst@lostspace=\dimen188
\lst@width=\dimen189
\lst@newlines=\count307
\lst@lineno=\count308
\lst@maxwidth=\dimen190
 (/usr/share/texmf-dist/tex/latex/listings/lstmisc.sty
File: lstmisc.sty 2023/02/27 1.9 (Carsten Heinz)
\c@lstnumber=\count309
\lst@skipnumbers=\count310
\lst@framebox=\box55
) (/usr/share/texmf-dist/tex/latex/listings/listings.cfg
File: listings.cfg 2023/02/27 1.9 listings configuration
))
Package: listings 2023/02/27 1.9 (Carsten Heinz)
 (/usr/share/texmf-dist/tex/latex/xcolor/xcolor.sty
Package: xcolor 2022/06/12 v2.14 LaTeX color extensions (UK)
 (/usr/share/texmf-dist/tex/latex/graphics-cfg/color.cfg
File: color.cfg 2016/01/02 v1.6 sample color configuration
)
Package xcolor Info: Driver file: pdftex.def on input line 227.
LaTeX Info: Redefining \color on input line 711.
 (/usr/share/texmf-dist/tex/latex/graphics/mathcolor.ltx)
Package xcolor Info: Model `cmy' substituted by `cmy0' on input line 1353.
Package xcolor Info: Model `hsb' substituted by `rgb' on input line 1357.
Package xcolor Info: Model `RGB' extended on input line 1369.
Package xcolor Info: Model `HTML' substituted by `rgb' on input line 1371.
Package xcolor Info: Model `Hsb' substituted by `hsb' on input line 1372.
Package xcolor Info: Model `tHsb' substituted by `hsb' on input line 1373.
Package xcolor Info: Model `HSB' substituted by `hsb' on input line 1374.
Package xcolor Info: Model `Gray' substituted by `gray' on input line 1375.
Package xcolor Info: Model `wave' substituted by `hsb' on input line 1376.
 (/usr/share/texmf-dist/tex/latex/graphics/dvipsnam.def
File: dvipsnam.def 2016/06/17 v3.0m Driver-dependent file (DPC,SPQR)
)) (/usr/share/texmf-dist/tex/latex/tools/xspace.sty
Package: xspace 2014/10/28 v1.13 Space after command names (DPC,MH)
) (/usr/share/texmf-dist/tex/latex/forest/forest.sty
Package: forest 2017/07/14 v2.1.5 Drawing (linguistic) trees
 (/usr/share/texmf-dist/tex/latex/pgf/frontendlayer/tikz.sty (/usr/share/texmf-dist/tex/latex/pgf/basiclayer/pgf.sty (/usr/share/texmf-dist/tex/latex/pgf/utilities/pgfrcs.sty (/usr/share/texmf-dist/tex/generic/pgf/utilities/pgfutil-common.tex
\pgfutil@everybye=\toks34
\pgfutil@tempdima=\dimen191
\pgfutil@tempdimb=\dimen192
) (/usr/share/texmf-dist/tex/generic/pgf/utilities/pgfutil-latex.def
\pgfutil@abb=\box56
) (/usr/share/texmf-dist/tex/generic/pgf/utilities/pgfrcs.code.tex (/usr/share/texmf-dist/tex/generic/pgf/pgf.revision.tex)
Package: pgfrcs 2023-01-15 v3.1.10 (3.1.10)
))
Package: pgf 2023-01-15 v3.1.10 (3.1.10)
 (/usr/share/texmf-dist/tex/latex/pgf/basiclayer/pgfcore.sty (/usr/share/texmf-dist/tex/latex/pgf/systemlayer/pgfsys.sty (/usr/share/texmf-dist/tex/generic/pgf/systemlayer/pgfsys.code.tex
Package: pgfsys 2023-01-15 v3.1.10 (3.1.10)
 (/usr/share/texmf-dist/tex/generic/pgf/utilities/pgfkeys.code.tex
\pgfkeys@pathtoks=\toks35
\pgfkeys@temptoks=\toks36
 (/usr/share/texmf-dist/tex/generic/pgf/utilities/pgfkeyslibraryfiltered.code.tex
\pgfkeys@tmptoks=\toks37
))
\pgf@x=\dimen193
\pgf@y=\dimen194
\pgf@xa=\dimen195
\pgf@ya=\dimen196
\pgf@xb=\dimen197
\pgf@yb=\dimen198
\pgf@xc=\dimen199
\pgf@yc=\dimen256
\pgf@xd=\dimen257
\pgf@yd=\dimen258
\w@pgf@writea=\write3
\r@pgf@reada=\read3
\c@pgf@counta=\count311
\c@pgf@countb=\count312
\c@pgf@countc=\count313
\c@pgf@countd=\count314
\t@pgf@toka=\toks38
\t@pgf@tokb=\toks39
\t@pgf@tokc=\toks40
\pgf@sys@id@count=\count315
 (/usr/share/texmf-dist/tex/generic/pgf/systemlayer/pgf.cfg
File: pgf.cfg 2023-01-15 v3.1.10 (3.1.10)
)
Driver file for pgf: pgfsys-pdftex.def
 (/usr/share/texmf-dist/tex/generic/pgf/systemlayer/pgfsys-pdftex.def
File: pgfsys-pdftex.def 2023-01-15 v3.1.10 (3.1.10)
 (/usr/share/texmf-dist/tex/generic/pgf/systemlayer/pgfsys-common-pdf.def
File: pgfsys-common-pdf.def 2023-01-15 v3.1.10 (3.1.10)
))) (/usr/share/texmf-dist/tex/generic/pgf/systemlayer/pgfsyssoftpath.code.tex
File: pgfsyssoftpath.code.tex 2023-01-15 v3.1.10 (3.1.10)
\pgfsyssoftpath@smallbuffer@items=\count316
\pgfsyssoftpath@bigbuffer@items=\count317
) (/usr/share/texmf-dist/tex/generic/pgf/systemlayer/pgfsysprotocol.code.tex
File: pgfsysprotocol.code.tex 2023-01-15 v3.1.10 (3.1.10)
))
(/usr/share/texmf-dist/tex/generic/pgf/basiclayer/pgfcore.code.tex
Package: pgfcore 2023-01-15 v3.1.10 (3.1.10)
 (/usr/share/texmf-dist/tex/generic/pgf/math/pgfmath.code.tex (/usr/share/texmf-dist/tex/generic/pgf/math/pgfmathutil.code.tex) (/usr/share/texmf-dist/tex/generic/pgf/math/pgfmathparser.code.tex
\pgfmath@dimen=\dimen259
\pgfmath@count=\count318
\pgfmath@box=\box57
\pgfmath@toks=\toks41
\pgfmath@stack@operand=\toks42
\pgfmath@stack@operation=\toks43
) (/usr/share/texmf-dist/tex/generic/pgf/math/pgfmathfunctions.code.tex) (/usr/share/texmf-dist/tex/generic/pgf/math/pgfmathfunctions.basic.code.tex) (/usr/share/texmf-dist/tex/generic/pgf/math/pgfmathfunctions.trigonometric.code.tex) (/usr/share/texmf-dist/tex/generic/pgf/math/pgfmathfunctions.random.code.tex) (/usr/share/texmf-dist/tex/generic/pgf/math/pgfmathfunctions.comparison.code.tex) (/usr/share/texmf-dist/tex/generic/pgf/math/pgfmathfunctions.base.code.tex) (/usr/share/texmf-dist/tex/generic/pgf/math/pgfmathfunctions.round.code.tex) (/usr/share/texmf-dist/tex/generic/pgf/math/pgfmathfunctions.misc.code.tex) (/usr/share/texmf-dist/tex/generic/pgf/math/pgfmathfunctions.integerarithmetics.code.tex) (/usr/share/texmf-dist/tex/generic/pgf/math/pgfmathcalc.code.tex) (/usr/share/texmf-dist/tex/generic/pgf/math/pgfmathfloat.code.tex
\c@pgfmathroundto@lastzeros=\count319
)) (/usr/share/texmf-dist/tex/generic/pgf/math/pgfint.code.tex) (/usr/share/texmf-dist/tex/generic/pgf/basiclayer/pgfcorepoints.code.tex
File: pgfcorepoints.code.tex 2023-01-15 v3.1.10 (3.1.10)
\pgf@picminx=\dimen260
\pgf@picmaxx=\dimen261
\pgf@picminy=\dimen262
\pgf@picmaxy=\dimen263
\pgf@pathminx=\dimen264
\pgf@pathmaxx=\dimen265
\pgf@pathminy=\dimen266
\pgf@pathmaxy=\dimen267
\pgf@xx=\dimen268
\pgf@xy=\dimen269
\pgf@yx=\dimen270
\pgf@yy=\dimen271
\pgf@zx=\dimen272
\pgf@zy=\dimen273
) (/usr/share/texmf-dist/tex/generic/pgf/basiclayer/pgfcorepathconstruct.code.tex
File: pgfcorepathconstruct.code.tex 2023-01-15 v3.1.10 (3.1.10)
\pgf@path@lastx=\dimen274
\pgf@path@lasty=\dimen275
) (/usr/share/texmf-dist/tex/generic/pgf/basiclayer/pgfcorepathusage.code.tex
File: pgfcorepathusage.code.tex 2023-01-15 v3.1.10 (3.1.10)
\pgf@shorten@end@additional=\dimen276
\pgf@shorten@start@additional=\dimen277
) (/usr/share/texmf-dist/tex/generic/pgf/basiclayer/pgfcorescopes.code.tex
File: pgfcorescopes.code.tex 2023-01-15 v3.1.10 (3.1.10)
\pgfpic=\box58
\pgf@hbox=\box59
\pgf@layerbox@main=\box60
\pgf@picture@serial@count=\count320
) (/usr/share/texmf-dist/tex/generic/pgf/basiclayer/pgfcoregraphicstate.code.tex
File: pgfcoregraphicstate.code.tex 2023-01-15 v3.1.10 (3.1.10)
\pgflinewidth=\dimen278
) (/usr/share/texmf-dist/tex/generic/pgf/basiclayer/pgfcoretransformations.code.tex
File: pgfcoretransformations.code.tex 2023-01-15 v3.1.10 (3.1.10)
\pgf@pt@x=\dimen279
\pgf@pt@y=\dimen280
\pgf@pt@temp=\dimen281
) (/usr/share/texmf-dist/tex/generic/pgf/basiclayer/pgfcorequick.code.tex
File: pgfcorequick.code.tex 2023-01-15 v3.1.10 (3.1.10)
) (/usr/share/texmf-dist/tex/generic/pgf/basiclayer/pgfcoreobjects.code.tex
File: pgfcoreobjects.code.tex 2023-01-15 v3.1.10 (3.1.10)
) (/usr/share/texmf-dist/tex/generic/pgf/basiclayer/pgfcorepathprocessing.code.tex
File: pgfcorepathprocessing.code.tex 2023-01-15 v3.1.10 (3.1.10)
) (/usr/share/texmf-dist/tex/generic/pgf/basiclayer/pgfcorearrows.code.tex
File: pgfcorearrows.code.tex 2023-01-15 v3.1.10 (3.1.10)
\pgfarrowsep=\dimen282
)
(/usr/share/texmf-dist/tex/generic/pgf/basiclayer/pgfcoreshade.code.tex
File: pgfcoreshade.code.tex 2023-01-15 v3.1.10 (3.1.10)
\pgf@max=\dimen283
\pgf@sys@shading@range@num=\count321
\pgf@shadingcount=\count322
) (/usr/share/texmf-dist/tex/generic/pgf/basiclayer/pgfcoreimage.code.tex
File: pgfcoreimage.code.tex 2023-01-15 v3.1.10 (3.1.10)
) (/usr/share/texmf-dist/tex/generic/pgf/basiclayer/pgfcoreexternal.code.tex
File: pgfcoreexternal.code.tex 2023-01-15 v3.1.10 (3.1.10)
\pgfexternal@startupbox=\box61
) (/usr/share/texmf-dist/tex/generic/pgf/basiclayer/pgfcorelayers.code.tex
File: pgfcorelayers.code.tex 2023-01-15 v3.1.10 (3.1.10)
) (/usr/share/texmf-dist/tex/generic/pgf/basiclayer/pgfcoretransparency.code.tex
File: pgfcoretransparency.code.tex 2023-01-15 v3.1.10 (3.1.10)
) (/usr/share/texmf-dist/tex/generic/pgf/basiclayer/pgfcorepatterns.code.tex
File: pgfcorepatterns.code.tex 2023-01-15 v3.1.10 (3.1.10)
) (/usr/share/texmf-dist/tex/generic/pgf/basiclayer/pgfcorerdf.code.tex
File: pgfcorerdf.code.tex 2023-01-15 v3.1.10 (3.1.10)
))) (/usr/share/texmf-dist/tex/generic/pgf/modules/pgfmoduleshapes.code.tex
File: pgfmoduleshapes.code.tex 2023-01-15 v3.1.10 (3.1.10)
\pgfnodeparttextbox=\box62
) (/usr/share/texmf-dist/tex/generic/pgf/modules/pgfmoduleplot.code.tex
File: pgfmoduleplot.code.tex 2023-01-15 v3.1.10 (3.1.10)
) (/usr/share/texmf-dist/tex/latex/pgf/compatibility/pgfcomp-version-0-65.sty
Package: pgfcomp-version-0-65 2023-01-15 v3.1.10 (3.1.10)
\pgf@nodesepstart=\dimen284
\pgf@nodesepend=\dimen285
) (/usr/share/texmf-dist/tex/latex/pgf/compatibility/pgfcomp-version-1-18.sty
Package: pgfcomp-version-1-18 2023-01-15 v3.1.10 (3.1.10)
)) (/usr/share/texmf-dist/tex/latex/pgf/utilities/pgffor.sty (/usr/share/texmf-dist/tex/latex/pgf/utilities/pgfkeys.sty (/usr/share/texmf-dist/tex/generic/pgf/utilities/pgfkeys.code.tex)) (/usr/share/texmf-dist/tex/latex/pgf/math/pgfmath.sty (/usr/share/texmf-dist/tex/generic/pgf/math/pgfmath.code.tex)) (/usr/share/texmf-dist/tex/generic/pgf/utilities/pgffor.code.tex
Package: pgffor 2023-01-15 v3.1.10 (3.1.10)
\pgffor@iter=\dimen286
\pgffor@skip=\dimen287
\pgffor@stack=\toks44
\pgffor@toks=\toks45
)) (/usr/share/texmf-dist/tex/generic/pgf/frontendlayer/tikz/tikz.code.tex
Package: tikz 2023-01-15 v3.1.10 (3.1.10)
 (/usr/share/texmf-dist/tex/generic/pgf/libraries/pgflibraryplothandlers.code.tex
File: pgflibraryplothandlers.code.tex 2023-01-15 v3.1.10 (3.1.10)
\pgf@plot@mark@count=\count323
\pgfplotmarksize=\dimen288
)
\tikz@lastx=\dimen289
\tikz@lasty=\dimen290
\tikz@lastxsaved=\dimen291
\tikz@lastysaved=\dimen292
\tikz@lastmovetox=\dimen293
\tikz@lastmovetoy=\dimen294
\tikzleveldistance=\dimen295
\tikzsiblingdistance=\dimen296
\tikz@figbox=\box63
\tikz@figbox@bg=\box64
\tikz@tempbox=\box65
\tikz@tempbox@bg=\box66
\tikztreelevel=\count324
\tikznumberofchildren=\count325
\tikznumberofcurrentchild=\count326
\tikz@fig@count=\count327
 (/usr/share/texmf-dist/tex/generic/pgf/modules/pgfmodulematrix.code.tex
File: pgfmodulematrix.code.tex 2023-01-15 v3.1.10 (3.1.10)
\pgfmatrixcurrentrow=\count328
\pgfmatrixcurrentcolumn=\count329
\pgf@matrix@numberofcolumns=\count330
)
\tikz@expandcount=\count331
 (/usr/share/texmf-dist/tex/generic/pgf/frontendlayer/tikz/libraries/tikzlibrarytopaths.code.tex
File: tikzlibrarytopaths.code.tex 2023-01-15 v3.1.10 (3.1.10)
))) (/usr/share/texmf-dist/tex/generic/pgf/frontendlayer/tikz/libraries/tikzlibraryshapes.code.tex
File: tikzlibraryshapes.code.tex 2023-01-15 v3.1.10 (3.1.10)
 (/usr/share/texmf-dist/tex/generic/pgf/frontendlayer/tikz/libraries/tikzlibraryshapes.geometric.code.tex
File: tikzlibraryshapes.geometric.code.tex 2023-01-15 v3.1.10 (3.1.10)
 (/usr/share/texmf-dist/tex/generic/pgf/libraries/shapes/pgflibraryshapes.geometric.code.tex
File: pgflibraryshapes.geometric.code.tex 2023-01-15 v3.1.10 (3.1.10)
)) (/usr/share/texmf-dist/tex/generic/pgf/frontendlayer/tikz/libraries/tikzlibraryshapes.misc.code.tex
File: tikzlibraryshapes.misc.code.tex 2023-01-15 v3.1.10 (3.1.10)
 (/usr/share/texmf-dist/tex/generic/pgf/libraries/shapes/pgflibraryshapes.misc.code.tex
File: pgflibraryshapes.misc.code.tex 2023-01-15 v3.1.10 (3.1.10)
)) (/usr/share/texmf-dist/tex/generic/pgf/frontendlayer/tikz/libraries/tikzlibraryshapes.symbols.code.tex
File: tikzlibraryshapes.symbols.code.tex 2023-01-15 v3.1.10 (3.1.10)
 (/usr/share/texmf-dist/tex/generic/pgf/libraries/shapes/pgflibraryshapes.symbols.code.tex
File: pgflibraryshapes.symbols.code.tex 2023-01-15 v3.1.10 (3.1.10)
)) (/usr/share/texmf-dist/tex/generic/pgf/frontendlayer/tikz/libraries/tikzlibraryshapes.arrows.code.tex
File: tikzlibraryshapes.arrows.code.tex 2023-01-15 v3.1.10 (3.1.10)
 (/usr/share/texmf-dist/tex/generic/pgf/libraries/shapes/pgflibraryshapes.arrows.code.tex
File: pgflibraryshapes.arrows.code.tex 2023-01-15 v3.1.10 (3.1.10)
)) (/usr/share/texmf-dist/tex/generic/pgf/frontendlayer/tikz/libraries/tikzlibraryshapes.callouts.code.tex (/usr/share/texmf-dist/tex/generic/pgf/libraries/shapes/pgflibraryshapes.callouts.code.tex)) (/usr/share/texmf-dist/tex/generic/pgf/frontendlayer/tikz/libraries/tikzlibraryshapes.multipart.code.tex
File: tikzlibraryshapes.multipart.code.tex 2023-01-15 v3.1.10 (3.1.10)
 (/usr/share/texmf-dist/tex/generic/pgf/libraries/shapes/pgflibraryshapes.multipart.code.tex
File: pgflibraryshapes.multipart.code.tex 2023-01-15 v3.1.10 (3.1.10)
\pgfnodepartlowerbox=\box67
\pgfnodeparttwobox=\box68
\pgfnodepartthreebox=\box69
\pgfnodepartfourbox=\box70
\pgfnodeparttwentybox=\box71
\pgfnodepartnineteenbox=\box72
\pgfnodeparteighteenbox=\box73
\pgfnodepartseventeenbox=\box74
\pgfnodepartsixteenbox=\box75
\pgfnodepartfifteenbox=\box76
\pgfnodepartfourteenbox=\box77
\pgfnodepartthirteenbox=\box78
\pgfnodeparttwelvebox=\box79
\pgfnodepartelevenbox=\box80
\pgfnodeparttenbox=\box81
\pgfnodepartninebox=\box82
\pgfnodeparteightbox=\box83
\pgfnodepartsevenbox=\box84
\pgfnodepartsixbox=\box85
\pgfnodepartfivebox=\box86
))) (/usr/share/texmf-dist/tex/generic/pgf/frontendlayer/tikz/libraries/tikzlibraryfit.code.tex
File: tikzlibraryfit.code.tex 2023-01-15 v3.1.10 (3.1.10)
) (/usr/share/texmf-dist/tex/generic/pgf/frontendlayer/tikz/libraries/tikzlibrarycalc.code.tex
File: tikzlibrarycalc.code.tex 2023-01-15 v3.1.10 (3.1.10)
) (/usr/share/texmf-dist/tex/generic/pgf/libraries/pgflibraryintersections.code.tex (/usr/share/texmf-dist/tex/generic/pgf/libraries/pgflibraryfpu.code.tex)
\pgf@intersect@solutions=\count332
) (/usr/share/texmf-dist/tex/latex/pgfopts/pgfopts.sty
Package: pgfopts 2014/07/10 v2.1a LaTeX package options with pgfkeys
\pgfopts@list@add@a@toks=\toks46
\pgfopts@list@add@b@toks=\toks47
) (/usr/share/texmf-dist/tex/latex/elocalloc/elocalloc.sty
Package: elocalloc 2016/12/15 v0.03 local allocation for LaTeX 2015+ (DPC)
) (/usr/share/texmf-dist/tex/latex/environ/environ.sty
Package: environ 2014/05/04 v0.3 A new way to define environments
 (/usr/share/texmf-dist/tex/latex/trimspaces/trimspaces.sty
Package: trimspaces 2009/09/17 v1.1 Trim spaces around a token list
)) (/usr/share/texmf-dist/tex/latex/l3packages/xparse/xparse.sty (/usr/share/texmf-dist/tex/latex/l3kernel/expl3.sty
Package: expl3 2023-02-22 L3 programming layer (loader) 
 (/usr/share/texmf-dist/tex/latex/l3backend/l3backend-pdftex.def
File: l3backend-pdftex.def 2023-01-16 L3 backend support: PDF output (pdfTeX)
\l__color_backend_stack_int=\count333
\l__pdf_internal_box=\box87
))
Package: xparse 2023-02-02 L3 Experimental document command parser
) (/usr/share/texmf-dist/tex/latex/inlinedef/inlinedef.sty
Package: inlinedef 2008/07/10 v1.0 Inlined expansions within definitions
\ID@toks=\toks48
\ID@count=\count334
)
\ID@usercommands=\toks49
\safeloop@depth=\count335
\safeRKloop@depth=\count336
\forest@temp@dimen=\dimen297
\forest@temp@count=\count337
\forest@n=\count338
\forest@temp@global@count=\count339
\forest@temp@toks=\toks50
\forest@temparray@M=\count340
\forest@temparray@N=\count341
\forest@global@temparray@M=\count342
\forest@global@temparray@N=\count343
\forest@isnum@count=\count344
\forest@isdim@nonintpart=\count345
\forest@isdim@dimen=\dimen298
\forest@sort@m=\count346
\forest@sort@k=\count347
\forest@sort@p=\count348
\bracket@content=\toks51
\bracket@afterthought=\toks52
\forest@node@maxid=\count349
\forest@process@left@M=\count350
\forest@process@left@N=\count351
\forest@process@right@M=\count352
\forest@process@right@N=\count353
\forest@process@saved@M=\count354
\forest@process@saved@N=\count355
\forest@process@result@M=\count356
\forest@process@result@N=\count357
\forest@process@n=\count358
\forest@nodewalk@branch@toks=\toks53
\forest@nodewalk@shortsteps@resolution=\toks54
\forest@do@dynamics=\toks55
\forest@box=\box88
\forest@xg=\dimen299
\forest@yg=\dimen300
\forest@xs=\dimen301
\forest@ys=\dimen302
\forest@pi@toks=\toks56
\forest@segment@toks=\toks57
\forest@PIi@toks=\toks58
\forest@PIii@toks=\toks59
\forest@copy@in=\read4
\forest@copy@out=\write4
\forest@externalize@max@outer@n=\count359
\forest@externalize@inner@n=\count360
) (/usr/share/texmf-dist/tex/latex/forest/forest-lib-edges.sty
Package: forest-lib-edges 2016/12/05 v0.1.1
) (/usr/share/texmf-dist/tex/latex/caption/subcaption.sty
Package: subcaption 2023/02/19 v1.6 Sub-captions (AR)
Package caption Info: New subtype `subfigure' on input line 239.
\c@subfigure=\count361
Package caption Info: New subtype `subtable' on input line 239.
\c@subtable=\count362
) (/usr/share/texmf-dist/tex/latex/float/float.sty
Package: float 2001/11/08 v1.3d Float enhancements (AL)
\c@float@type=\count363
\float@exts=\toks60
\float@box=\box89
\@float@everytoks=\toks61
\@floatcapt=\box90
) (/usr/share/texmf-dist/tex/latex/lipsum/lipsum.sty (/usr/share/texmf-dist/tex/latex/l3packages/l3keys2e/l3keys2e.sty
Package: l3keys2e 2023-02-02 LaTeX2e option processing using LaTeX3 keys
)
Package: lipsum 2021-09-20 v2.7 150 paragraphs of Lorem Ipsum dummy text
\g__lipsum_par_int=\count364
\l__lipsum_a_int=\count365
\l__lipsum_b_int=\count366
 (/usr/share/texmf-dist/tex/latex/lipsum/lipsum.ltd.tex)) (/usr/share/texmf-dist/tex/latex/xargs/xargs.sty
Package: xargs 2008/03/22 v1.1  extended macro definitions  (mpg)
\xargs@max=\count367
\xargs@toksa=\toks62
\xargs@toksb=\toks63
)
(/usr/share/texmf-dist/tex/latex/makecell/makecell.sty
Package: makecell 2009/08/03 V0.1e Managing of Tab Column Heads and Cells
 (/usr/share/texmf-dist/tex/latex/tools/array.sty
Package: array 2022/09/04 v2.5g Tabular extension package (FMi)
\col@sep=\dimen303
\ar@mcellbox=\box91
\extrarowheight=\dimen304
\NC@list=\toks64
\extratabsurround=\skip65
\backup@length=\skip66
\ar@cellbox=\box92
)
\rotheadsize=\dimen305
\c@nlinenum=\count368
\TeXr@lab=\toks65
) (/usr/share/texmf-dist/tex/latex/tools/tabularx.sty
Package: tabularx 2020/01/15 v2.11c `tabularx' package (DPC)
\TX@col@width=\dimen306
\TX@old@table=\dimen307
\TX@old@col=\dimen308
\TX@target=\dimen309
\TX@delta=\dimen310
\TX@cols=\count369
\TX@ftn=\toks66
) (/usr/share/texmf-dist/tex/latex/tools/longtable.sty
Package: longtable 2021-09-01 v4.17 Multi-page Table package (DPC)
\LTleft=\skip67
\LTright=\skip68
\LTpre=\skip69
\LTpost=\skip70
\LTchunksize=\count370
\LTcapwidth=\dimen311
\LT@head=\box93
\LT@firsthead=\box94
\LT@foot=\box95
\LT@lastfoot=\box96
\LT@gbox=\box97
\LT@cols=\count371
\LT@rows=\count372
\c@LT@tables=\count373
\c@LT@chunks=\count374
\LT@p@ftn=\toks67
) (/usr/share/texmf-dist/tex/latex/threeparttable/threeparttable.sty
Package: threeparttable 2003/06/13  v 3.0
\@tempboxb=\box98
) (/usr/share/texmf-dist/tex/latex/amscls/amsthm.sty
Package: amsthm 2020/05/29 v2.20.6
\thm@style=\toks68
\thm@bodyfont=\toks69
\thm@headfont=\toks70
\thm@notefont=\toks71
\thm@headpunct=\toks72
\thm@preskip=\skip71
\thm@postskip=\skip72
\thm@headsep=\skip73
\dth@everypar=\toks73
) (/usr/share/texmf-dist/tex/latex/amsfonts/amssymb.sty
Package: amssymb 2013/01/14 v3.01 AMS font symbols
 (/usr/share/texmf-dist/tex/latex/amsfonts/amsfonts.sty
Package: amsfonts 2013/01/14 v3.01 Basic AMSFonts support
\symAMSa=\mathgroup4
\symAMSb=\mathgroup5
LaTeX Font Info:    Redeclaring math symbol \hbar on input line 98.
LaTeX Font Info:    Overwriting math alphabet `\mathfrak' in version `bold'
(Font)                  U/euf/m/n --> U/euf/b/n on input line 106.
)) (/usr/share/texmf-dist/tex/latex/algorithms/algorithm.sty
Package: algorithm 2009/08/24 v0.1 Document Style `algorithm' - floating environment
 (/usr/share/texmf-dist/tex/latex/base/ifthen.sty
Package: ifthen 2022/04/13 v1.1d Standard LaTeX ifthen package (DPC)
)
\@float@every@algorithm=\toks74
\c@algorithm=\count375
) (/usr/share/texmf-dist/tex/latex/algorithmicx/algpseudocode.sty
Package: algpseudocode 
 (/usr/share/texmf-dist/tex/latex/algorithmicx/algorithmicx.sty
Package: algorithmicx 2005/04/27 v1.2 Algorithmicx

Document Style algorithmicx 1.2 - a greatly improved `algorithmic' style
\c@ALG@line=\count376
\c@ALG@rem=\count377
\c@ALG@nested=\count378
\ALG@tlm=\skip74
\ALG@thistlm=\skip75
\c@ALG@Lnr=\count379
\c@ALG@blocknr=\count380
\c@ALG@storecount=\count381
\c@ALG@tmpcounter=\count382
\ALG@tmplength=\skip76
)
Document Style - pseudocode environments for use with the `algorithmicx' style
) (/usr/share/texmf-dist/tex/latex/todonotes/todonotes.sty
Package: todonotes 2023/01/31 v1.1.6 Todonotes source and documentation.
Package: todonotes 2023/01/31
 (/usr/share/texmf-dist/tex/generic/pgf/frontendlayer/tikz/libraries/tikzlibrarypositioning.code.tex
File: tikzlibrarypositioning.code.tex 2023-01-15 v3.1.10 (3.1.10)
) (/usr/share/texmf-dist/tex/latex/tools/calc.sty
Package: calc 2017/05/25 v4.3 Infix arithmetic (KKT,FJ)
\calc@Acount=\count383
\calc@Bcount=\count384
\calc@Adimen=\dimen312
\calc@Bdimen=\dimen313
\calc@Askip=\skip77
\calc@Bskip=\skip78
LaTeX Info: Redefining \setlength on input line 80.
LaTeX Info: Redefining \addtolength on input line 81.
\calc@Ccount=\count385
\calc@Cskip=\skip79
)
\c@@todonotes@numberoftodonotes=\count386
) (/usr/share/texmf-dist/tex/latex/csquotes/csquotes.sty
Package: csquotes 2022-09-14 v5.2n context-sensitive quotations (JAW)
\csq@reset=\count387
\csq@gtype=\count388
\csq@glevel=\count389
\csq@qlevel=\count390
\csq@maxlvl=\count391
\csq@tshold=\count392
\csq@ltx@everypar=\toks75
 (/usr/share/texmf-dist/tex/latex/csquotes/csquotes.def
File: csquotes.def 2022-09-14 v5.2n csquotes generic definitions (JAW)
)
Package csquotes Info: Trying to load configuration file 'csquotes.cfg'...
Package csquotes Info: ... configuration file loaded successfully.
 (/usr/share/texmf-dist/tex/latex/csquotes/csquotes.cfg
File: csquotes.cfg 
)) (/usr/share/texmf-dist/tex/latex/enumitem/enumitem.sty
Package: enumitem 2019/06/20 v3.9 Customized lists
\enitkv@toks@=\toks76
\labelindent=\skip80
\enit@outerparindent=\dimen314
\enit@toks=\toks77
\enit@inbox=\box99
\enit@count@id=\count393
\enitdp@description=\count394
) (/usr/share/texmf-dist/tex/latex/cleveref/cleveref.sty
Package: cleveref 2018/03/27 v0.21.4 Intelligent cross-referencing
Package cleveref Info: `hyperref' support loaded on input line 2370.
LaTeX Info: Redefining \cref on input line 2370.
LaTeX Info: Redefining \Cref on input line 2370.
LaTeX Info: Redefining \crefrange on input line 2370.
LaTeX Info: Redefining \Crefrange on input line 2370.
LaTeX Info: Redefining \cpageref on input line 2370.
LaTeX Info: Redefining \Cpageref on input line 2370.
LaTeX Info: Redefining \cpagerefrange on input line 2370.
LaTeX Info: Redefining \Cpagerefrange on input line 2370.
LaTeX Info: Redefining \labelcref on input line 2370.
LaTeX Info: Redefining \labelcpageref on input line 2370.
Package cleveref Info: `amsthm' support loaded on input line 3026.
Package cleveref Info: `algorithmicx' support loaded on input line 3120.
Package cleveref Info: `listings' support loaded on input line 3131.
Package cleveref Info: always capitalise cross-reference names on input line 7830.
Package cleveref Info: include cross-reference names in hyperlinks on input line 7836.
Package cleveref Info: no abbreviation of names on input line 7852.
Package cleveref Info: always capitalise cross-reference names on input line 7852.
Package cleveref Info: include cross-reference names in hyperlinks on input line 7852.
) (/usr/share/texmf-dist/tex/latex/jknapltx/mathrsfs.sty
Package: mathrsfs 1996/01/01 Math RSFS package v1.0 (jk)
\symrsfs=\mathgroup6
) (/usr/share/texmf-dist/tex/latex/leftindex/leftindex.sty (/usr/share/texmf-dist/tex/latex/mathtools/mathtools.sty
Package: mathtools 2022/06/29 v1.29 mathematical typesetting tools
 (/usr/share/texmf-dist/tex/latex/mathtools/mhsetup.sty
Package: mhsetup 2021/03/18 v1.4 programming setup (MH)
)
\g_MT_multlinerow_int=\count395
\l_MT_multwidth_dim=\dimen315
\origjot=\skip81
\l_MT_shortvdotswithinadjustabove_dim=\dimen316
\l_MT_shortvdotswithinadjustbelow_dim=\dimen317
\l_MT_above_intertext_sep=\dimen318
\l_MT_below_intertext_sep=\dimen319
\l_MT_above_shortintertext_sep=\dimen320
\l_MT_below_shortintertext_sep=\dimen321
\xmathstrut@box=\box100
\xmathstrut@dim=\dimen322
)
Package: leftindex 2020/08/25 v0.1beta 
\l__leftindex_phantom_height_dim=\dimen323
\l__leftindex_slanting_phantom_with_subscript_box=\box101
\l__leftindex_slanting_phantom_with_subscript_dim=\dimen324
\l__leftindex_slanting_phantom_with_subscript_without_indentation_box=\box102
\l__leftindex_slanting_phantom_with_subscript_without_indentation_dim=\dimen325
\l__leftindex_indentation_of_slanting_phantom_subscript=\dimen326
\l__leftindex_superscript_temp_box=\box103
\l__leftindex_width_of_superscript_dim=\dimen327
\l__leftindex_subscript_temp_box=\box104
\l__leftindex_width_of_subscript_dim=\dimen328
) (/usr/share/texmf-dist/tex/latex/biblatex/biblatex.sty
Package: biblatex 2023/03/05 v3.19 programmable bibliographies (PK/MW)
 (/usr/share/texmf-dist/tex/latex/logreq/logreq.sty
Package: logreq 2010/08/04 v1.0 xml request logger
\lrq@indent=\count396
 (/usr/share/texmf-dist/tex/latex/logreq/logreq.def
File: logreq.def 2010/08/04 v1.0 logreq spec v1.0
))
\c@tabx@nest=\count397
\c@listtotal=\count398
\c@listcount=\count399
\c@liststart=\count400
\c@liststop=\count401
\c@citecount=\count402
\c@citetotal=\count403
\c@multicitecount=\count404
\c@multicitetotal=\count405
\c@instcount=\count406
\c@maxnames=\count407
\c@minnames=\count408
\c@maxitems=\count409
\c@minitems=\count410
\c@citecounter=\count411
\c@maxcitecounter=\count412
\c@savedcitecounter=\count413
\c@uniquelist=\count414
\c@uniquename=\count415
\c@refsection=\count416
\c@refsegment=\count417
\c@maxextratitle=\count418
\c@maxextratitleyear=\count419
\c@maxextraname=\count420
\c@maxextradate=\count421
\c@maxextraalpha=\count422
\c@abbrvpenalty=\count423
\c@highnamepenalty=\count424
\c@lownamepenalty=\count425
\c@maxparens=\count426
\c@parenlevel=\count427
\blx@tempcnta=\count428
\blx@tempcntb=\count429
\blx@tempcntc=\count430
\c@blx@maxsection=\count431
\blx@maxsegment@0=\count432
\blx@notetype=\count433
\blx@parenlevel@text=\count434
\blx@parenlevel@foot=\count435
\blx@sectionciteorder@0=\count436
\blx@sectionciteorderinternal@0=\count437
\blx@entrysetcounter=\count438
\blx@biblioinstance=\count439
\labelnumberwidth=\skip82
\labelalphawidth=\skip83
\biblabelsep=\skip84
\bibitemsep=\skip85
\bibnamesep=\skip86
\bibinitsep=\skip87
\bibparsep=\skip88
\bibhang=\skip89
\blx@bcfin=\read5
\blx@bcfout=\write5
\blx@langwohyphens=\language5
\c@mincomprange=\count440
\c@maxcomprange=\count441
\c@mincompwidth=\count442
Package biblatex Info: Trying to load biblatex default data model...
Package biblatex Info: ... file 'blx-dm.def' found.
 (/usr/share/texmf-dist/tex/latex/biblatex/blx-dm.def
File: blx-dm.def 2023/03/05 v3.19 biblatex localization (PK/MW)
)
Package biblatex Info: Trying to load biblatex style data model...
Package biblatex Info: ... file 'numeric.dbx' not found.
Package biblatex Info: Trying to load biblatex custom data model...
Package biblatex Info: ... file 'biblatex-dm.cfg' not found.
\c@afterword=\count443
\c@savedafterword=\count444
\c@annotator=\count445
\c@savedannotator=\count446
\c@author=\count447
\c@savedauthor=\count448
\c@bookauthor=\count449
\c@savedbookauthor=\count450
\c@commentator=\count451
\c@savedcommentator=\count452
\c@editor=\count453
\c@savededitor=\count454
\c@editora=\count455
\c@savededitora=\count456
\c@editorb=\count457
\c@savededitorb=\count458
\c@editorc=\count459
\c@savededitorc=\count460
\c@foreword=\count461
\c@savedforeword=\count462
\c@holder=\count463
\c@savedholder=\count464
\c@introduction=\count465
\c@savedintroduction=\count466
\c@namea=\count467
\c@savednamea=\count468
\c@nameb=\count469
\c@savednameb=\count470
\c@namec=\count471
\c@savednamec=\count472
\c@translator=\count473
\c@savedtranslator=\count474
\c@shortauthor=\count475
\c@savedshortauthor=\count476
\c@shorteditor=\count477
\c@savedshorteditor=\count478
\c@labelname=\count479
\c@savedlabelname=\count480
\c@institution=\count481
\c@savedinstitution=\count482
\c@lista=\count483
\c@savedlista=\count484
\c@listb=\count485
\c@savedlistb=\count486
\c@listc=\count487
\c@savedlistc=\count488
\c@listd=\count489
\c@savedlistd=\count490
\c@liste=\count491
\c@savedliste=\count492
\c@listf=\count493
\c@savedlistf=\count494
\c@location=\count495
\c@savedlocation=\count496
\c@organization=\count497
\c@savedorganization=\count498
\c@origlocation=\count499
\c@savedoriglocation=\count500
\c@origpublisher=\count501
\c@savedorigpublisher=\count502
\c@publisher=\count503
\c@savedpublisher=\count504
\c@language=\count505
\c@savedlanguage=\count506
\c@origlanguage=\count507
\c@savedoriglanguage=\count508
\c@pageref=\count509
\c@savedpageref=\count510
\shorthandwidth=\skip90
\shortjournalwidth=\skip91
\shortserieswidth=\skip92
\shorttitlewidth=\skip93
\shortauthorwidth=\skip94
\shorteditorwidth=\skip95
\locallabelnumberwidth=\skip96
\locallabelalphawidth=\skip97
\localshorthandwidth=\skip98
\localshortjournalwidth=\skip99
\localshortserieswidth=\skip100
\localshorttitlewidth=\skip101
\localshortauthorwidth=\skip102
\localshorteditorwidth=\skip103
Package biblatex Info: Trying to load compatibility code...
Package biblatex Info: ... file 'blx-compat.def' found.
 (/usr/share/texmf-dist/tex/latex/biblatex/blx-compat.def
File: blx-compat.def 2023/03/05 v3.19 biblatex compatibility (PK/MW)
)
Package biblatex Info: Trying to load BibTeX backend compatibility...
Package biblatex Info: ... file 'blx-bibtex.def' found.
 (/usr/share/texmf-dist/tex/latex/biblatex/blx-bibtex.def
File: blx-bibtex.def 2023/03/05 v3.19 biblatex compatibility (PK/MW)


Package biblatex Warning: Using fall-back bibtex backend:
(biblatex)                functionality may be reduced/unavailable.

)
Package biblatex Info: Trying to load generic definitions...
Package biblatex Info: ... file 'biblatex.def' found.
 (/usr/share/texmf-dist/tex/latex/biblatex/biblatex.def
File: biblatex.def 2023/03/05 v3.19 biblatex compatibility (PK/MW)
\c@textcitecount=\count511
\c@textcitetotal=\count512
\c@textcitemaxnames=\count513
\c@biburlbigbreakpenalty=\count514
\c@biburlbreakpenalty=\count515
\c@biburlnumpenalty=\count516
\c@biburlucpenalty=\count517
\c@biburllcpenalty=\count518
\biburlbigskip=\muskip18
\biburlnumskip=\muskip19
\biburlucskip=\muskip20
\biburllcskip=\muskip21
\c@smartand=\count519
)
Package biblatex Info: Trying to load bibliography style 'numeric'...
Package biblatex Info: ... file 'numeric.bbx' found.
 (/usr/share/texmf-dist/tex/latex/biblatex/bbx/numeric.bbx
File: numeric.bbx 2023/03/05 v3.19 biblatex bibliography style (PK/MW)
Package biblatex Info: Trying to load bibliography style 'standard'...
Package biblatex Info: ... file 'standard.bbx' found.
 (/usr/share/texmf-dist/tex/latex/biblatex/bbx/standard.bbx
File: standard.bbx 2023/03/05 v3.19 biblatex bibliography style (PK/MW)
\c@bbx:relatedcount=\count520
\c@bbx:relatedtotal=\count521
))
Package biblatex Info: Trying to load citation style 'numeric'...
Package biblatex Info: ... file 'numeric.cbx' found.
 (/usr/share/texmf-dist/tex/latex/biblatex/cbx/numeric.cbx
File: numeric.cbx 2023/03/05 v3.19 biblatex citation style (PK/MW)
Package biblatex Info: Redefining '\cite'.
Package biblatex Info: Redefining '\parencite'.
Package biblatex Info: Redefining '\footcite'.
Package biblatex Info: Redefining '\footcitetext'.
Package biblatex Info: Redefining '\smartcite'.
Package biblatex Info: Redefining '\supercite'.
Package biblatex Info: Redefining '\textcite'.
Package biblatex Info: Redefining '\textcites'.
Package biblatex Info: Redefining '\cites'.
Package biblatex Info: Redefining '\parencites'.
Package biblatex Info: Redefining '\smartcites'.
)
Package biblatex Info: Trying to load configuration file...
Package biblatex Info: ... file 'biblatex.cfg' found.
 (/usr/share/texmf-dist/tex/latex/biblatex/biblatex.cfg
File: biblatex.cfg 
)
Package biblatex Info: Input encoding 'utf8' detected.
Package biblatex Info: Document encoding is UTF8 ....
Package biblatex Info: ... and expl3
(biblatex)             2023-02-22 L3 programming layer (loader) 
(biblatex)             is new enough (at least 2020/04/06),
(biblatex)             setting 'casechanger=expl3'.
 (/usr/share/texmf-dist/tex/latex/biblatex/blx-case-expl3.sty
Package: blx-case-expl3 2023/03/05 v3.19 expl3 case changing code for biblatex
))
\c@boxlblcounter=\count522
Package hyperref Info: Option `colorlinks' set `true' on input line 106.
\c@lemma=\count523
\c@definition=\count524
\c@example=\count525
\c@theorem=\count526
Package csquotes Info: Checking for multilingual support...
Package csquotes Info: ... found 'babel' package.
Package csquotes Info: Adjusting default style.
Package csquotes Info: Redefining alias 'default' -> 'english'.
LaTeX Font Info:    Trying to load font information for T1+lmr on input line 180.
 (/usr/share/texmf-dist/tex/latex/lm/t1lmr.fd
File: t1lmr.fd 2015/05/01 v1.6.1 Font defs for Latin Modern
)

LaTeX Warning: Unused global option(s):
    [binding=0.6cm].

(./Thesis.aux)
\openout1 = `Thesis.aux'.

LaTeX Font Info:    Checking defaults for OML/cmm/m/it on input line 180.
LaTeX Font Info:    ... okay on input line 180.
LaTeX Font Info:    Checking defaults for OMS/cmsy/m/n on input line 180.
LaTeX Font Info:    ... okay on input line 180.
LaTeX Font Info:    Checking defaults for OT1/cmr/m/n on input line 180.
LaTeX Font Info:    ... okay on input line 180.
LaTeX Font Info:    Checking defaults for T1/cmr/m/n on input line 180.
LaTeX Font Info:    ... okay on input line 180.
LaTeX Font Info:    Checking defaults for TS1/cmr/m/n on input line 180.
LaTeX Font Info:    ... okay on input line 180.
LaTeX Font Info:    Checking defaults for OMX/cmex/m/n on input line 180.
LaTeX Font Info:    ... okay on input line 180.
LaTeX Font Info:    Checking defaults for U/cmr/m/n on input line 180.
LaTeX Font Info:    ... okay on input line 180.
LaTeX Font Info:    Checking defaults for PD1/pdf/m/n on input line 180.
LaTeX Font Info:    ... okay on input line 180.
LaTeX Font Info:    Checking defaults for PU/pdf/m/n on input line 180.
LaTeX Font Info:    ... okay on input line 180.

*geometry* driver: auto-detecting
*geometry* detected driver: pdftex
*geometry* verbose mode - [ preamble ] result:
* driver: pdftex
* paper: a4paper
* layout: <same size as paper>
* layoutoffset:(h,v)=(0.0pt,0.0pt)
* hratio: 55:89
* vratio: 55:89
* bindingoffset: 17.07182pt
* modes: includehead twoside heightrounded 
* h-part:(L,W,R)=(70.44357pt, 396.0pt, 113.99248pt)
* v-part:(T,H,B)=(65.75981pt, 672.8738pt, 106.41324pt)
* \paperwidth=597.50787pt
* \paperheight=845.04684pt
* \textwidth=396.0pt
* \textheight=636.60028pt
* \oddsidemargin=15.2454pt
* \evensidemargin=41.72249pt
* \topmargin=-6.51018pt
* \headheight=12.0pt
* \headsep=19.8738pt
* \topskip=11.0pt
* \footskip=27.46295pt
* \marginparwidth=72.0pt
* \marginparsep=12.0pt
* \columnsep=10.0pt
* \skip\footins=10.0pt plus 4.0pt minus 2.0pt
* \hoffset=0.0pt
* \voffset=0.0pt
* \mag=1000
* \@twocolumnfalse
* \@twosidetrue
* \@mparswitchtrue
* \@reversemarginfalse
* (1in=72.27pt=25.4mm, 1cm=28.453pt)

Package caption Info: Begin \AtBeginDocument code.
Package caption Info: float package is loaded.
Package caption Info: hyperref package is loaded.
Package caption Info: listings package is loaded.
Package caption Info: longtable package is loaded.
(/usr/share/texmf-dist/tex/latex/caption/ltcaption.sty
Package: ltcaption 2021/01/08 v1.4c longtable captions (AR)
)
Package caption Info: threeparttable package is loaded.
Package caption Info: End \AtBeginDocument code.
 (/usr/share/texmf-dist/tex/context/base/mkii/supp-pdf.mkii
[Loading MPS to PDF converter (version 2006.09.02).]
\scratchcounter=\count527
\scratchdimen=\dimen329
\scratchbox=\box105
\nofMPsegments=\count528
\nofMParguments=\count529
\everyMPshowfont=\toks78
\MPscratchCnt=\count530
\MPscratchDim=\dimen330
\MPnumerator=\count531
\makeMPintoPDFobject=\count532
\everyMPtoPDFconversion=\toks79
) (/usr/share/texmf-dist/tex/latex/epstopdf-pkg/epstopdf-base.sty
Package: epstopdf-base 2020-01-24 v2.11 Base part for package epstopdf
Package epstopdf-base Info: Redefining graphics rule for `.eps' on input line 485.
 (/usr/share/texmf-dist/tex/latex/latexconfig/epstopdf-sys.cfg
File: epstopdf-sys.cfg 2010/07/13 v1.3 Configuration of (r)epstopdf for TeX Live
))
LaTeX Info: Redefining \textsubscript on input line 180.
LaTeX Info: Redefining \microtypecontext on input line 180.
Package microtype Info: Applying patch `item' on input line 180.
Package microtype Info: Applying patch `toc' on input line 180.
Package microtype Info: Applying patch `eqnum' on input line 180.
Package microtype Info: Applying patch `footnote' on input line 180.
Package microtype Info: Applying patch `verbatim' on input line 180.
Package microtype Info: Generating PDF output.
Package microtype Info: Character protrusion enabled (level 2).
Package microtype Info: Using default protrusion set `alltext'.
Package microtype Info: Automatic font expansion enabled (level 2),
(microtype)             stretch: 20, shrink: 20, step: 1, non-selected.
Package microtype Info: Using default expansion set `alltext-nott'.
LaTeX Info: Redefining \showhyphens on input line 180.
Package microtype Info: No adjustment of tracking.
Package microtype Info: No adjustment of interword spacing.
Package microtype Info: No adjustment of character kerning.
 (/usr/share/texmf-dist/tex/latex/microtype/mt-cmr.cfg
File: mt-cmr.cfg 2013/05/19 v2.2 microtype config. file: Computer Modern Roman (RS)
)
Package hyperref Info: Link coloring ON on input line 180.
 (./Thesis.out) (./Thesis.out)
\@outlinefile=\write6
\openout6 = `Thesis.out'.

\c@lstlisting=\count533
Package biblatex Info: Trying to load language 'english'...
Package biblatex Info: ... file 'english.lbx' found.
 (/usr/share/texmf-dist/tex/latex/biblatex/lbx/english.lbx
File: english.lbx 2023/03/05 v3.19 biblatex localization (PK/MW)
)
Package biblatex Info: Input encoding 'utf8' detected.
Package biblatex Info: Automatic encoding selection.
(biblatex)             Assuming data encoding 'utf8'.
Package biblatex Info: Input encoding 'utf8' detected.
Package biblatex Info: Data encoding 'utf8' specified.
(biblatex)             No need to reencode data.
\openout5 = `Thesis-blx.bib'.

Package biblatex Info: Trying to load bibliographic data...
Package biblatex Info: ... file 'Thesis.bbl' found.
 (./Thesis.bbl)
Package biblatex Info: Reference section=0 on input line 180.
Package biblatex Info: Reference segment=0 on input line 180.
 (/usr/share/texmf-dist/tex/latex/listings/lstlang1.sty
File: lstlang1.sty 2023/02/27 1.9 listings language file
)
\SAP@parboxindent=\skip104
\SAP@parboxwidth=\skip105
LaTeX Font Info:    Trying to load font information for T1+lmss on input line 187.
 (/usr/share/texmf-dist/tex/latex/lm/t1lmss.fd
File: t1lmss.fd 2015/05/01 v1.6.1 Font defs for Latin Modern
)
Package microtype Info: Loading generic protrusion settings for font family
(microtype)             `lmss' (encoding: T1).
(microtype)             For optimal results, create family-specific settings.
(microtype)             See the microtype manual for details.
<sapienzalogo.pdf, id=272, 288.07625pt x 89.33376pt>
File: sapienzalogo.pdf Graphic file (type pdf)
<use sapienzalogo.pdf>
Package pdftex.def Info: sapienzalogo.pdf  used on input line 187.
(pdftex.def)             Requested size: 142.26378pt x 44.11742pt.
 [1



{/var/lib/texmf/fonts/map/pdftex/updmap/pdftex.map}{/usr/share/texmf-dist/fonts/enc/dvips/lm/lm-ec.enc} <./sapienzalogo.pdf>]
LaTeX Font Info:    Trying to load font information for TS1+lmr on input line 187.
 (/usr/share/texmf-dist/tex/latex/lm/ts1lmr.fd
File: ts1lmr.fd 2015/05/01 v1.6.1 Font defs for Latin Modern
)
Underfull \hbox (badness 10000) in paragraph at lines 187--187

 []

LaTeX Font Info:    Trying to load font information for OT1+lmr on input line 187.
(/usr/share/texmf-dist/tex/latex/lm/ot1lmr.fd
File: ot1lmr.fd 2015/05/01 v1.6.1 Font defs for Latin Modern
)
LaTeX Font Info:    Trying to load font information for OML+lmm on input line 187.
 (/usr/share/texmf-dist/tex/latex/lm/omllmm.fd
File: omllmm.fd 2015/05/01 v1.6.1 Font defs for Latin Modern
)
LaTeX Font Info:    Trying to load font information for OMS+lmsy on input line 187.
 (/usr/share/texmf-dist/tex/latex/lm/omslmsy.fd
File: omslmsy.fd 2015/05/01 v1.6.1 Font defs for Latin Modern
)
LaTeX Font Info:    Trying to load font information for OMX+lmex on input line 187.
 (/usr/share/texmf-dist/tex/latex/lm/omxlmex.fd
File: omxlmex.fd 2015/05/01 v1.6.1 Font defs for Latin Modern
)
LaTeX Font Info:    External font `lmex10' loaded for size
(Font)              <10> on input line 187.
LaTeX Font Info:    External font `lmex10' loaded for size
(Font)              <7> on input line 187.
LaTeX Font Info:    External font `lmex10' loaded for size
(Font)              <5> on input line 187.
LaTeX Font Info:    Trying to load font information for U+msa on input line 187.
 (/usr/share/texmf-dist/tex/latex/amsfonts/umsa.fd
File: umsa.fd 2013/01/14 v3.01 AMS symbols A
) (/usr/share/texmf-dist/tex/latex/microtype/mt-msa.cfg
File: mt-msa.cfg 2006/02/04 v1.1 microtype config. file: AMS symbols (a) (RS)
)
LaTeX Font Info:    Trying to load font information for U+msb on input line 187.
 (/usr/share/texmf-dist/tex/latex/amsfonts/umsb.fd
File: umsb.fd 2013/01/14 v3.01 AMS symbols B
) (/usr/share/texmf-dist/tex/latex/microtype/mt-msb.cfg
File: mt-msb.cfg 2005/06/01 v1.0 microtype config. file: AMS symbols (b) (RS)
)
LaTeX Font Info:    Trying to load font information for U+rsfs on input line 187.
 (/usr/share/texmf-dist/tex/latex/jknapltx/ursfs.fd
File: ursfs.fd 1998/03/24 rsfs font definition file (jk)
)
Underfull \hbox (badness 10000) in paragraph at lines 187--187

 []

[2

{/usr/share/texmf-dist/fonts/enc/dvips/lm/lm-ts1.enc}] (./chapter/abstract.tex [3


] [4

]) [5] (./Thesis.toc
Package cleveref Info: loaded `english' language definitions on input line 1.
LaTeX Font Info:    External font `lmex10' loaded for size
(Font)              <10.95> on input line 3.
LaTeX Font Info:    External font `lmex10' loaded for size
(Font)              <8> on input line 3.
LaTeX Font Info:    External font `lmex10' loaded for size
(Font)              <6> on input line 3.
 [6


]
Package cleveref Info: loaded `english' language definitions on input line 62.
 [7{/usr/share/texmf-dist/fonts/enc/dvips/lm/lm-rm.enc}])
\tf@toc=\write7
\openout7 = `Thesis.toc'.

Package cleveref Info: loaded `english' language definitions on input line 203.
 [8] (./chapter/1.tex
Chapter 1.
[1


]
Package cleveref Info: loaded `english' language definitions on input line 34.
 [2]
Package cleveref Info: loaded `english' language definitions on input line 56.
 [3]
Package cleveref Info: loaded `english' language definitions on input line 70.
 [4]
Underfull \vbox (badness 7344) has occurred while \output is active []

Package cleveref Info: loaded `english' language definitions on input line 90.
 [5]
Package cleveref Info: loaded `english' language definitions on input line 101.
 [6]) (./chapter/2.tex
Chapter 2.

Underfull \vbox (badness 10000) has occurred while \output is active []

 [7


]
Package cleveref Info: loaded `english' language definitions on input line 28.
 [8]
Package cleveref Info: loaded `english' language definitions on input line 47.
 [9]
Package cleveref Info: loaded `english' language definitions on input line 61.
 [10]
Package cleveref Info: loaded `english' language definitions on input line 102.
 [11{/usr/share/texmf-dist/fonts/enc/dvips/lm/lm-mathit.enc}{/usr/share/texmf-dist/fonts/enc/dvips/lm/lm-mathsy.enc}{/usr/share/texmf-dist/fonts/enc/dvips/lm/lm-mathex.enc}]
Package cleveref Info: loaded `english' language definitions on input line 138.
 [12]
Package cleveref Info: loaded `english' language definitions on input line 178.
 [13]
Overfull \hbox (0.71504pt too wide) in paragraph at lines 183--183
[]\T1/lmr/m/n/10.95 (-20) let $\OT1/lmr/m/n/10.95 (-20) ^^A := [][] []$\T1/lmr/m/n/10.95 (-20) , and for each $\OML/lmm/m/it/10.95 v \OMS/lmsy/m/n/10.95 2 \OML/lmm/m/it/10.95 V\OT1/lmr/m/n/10.95 (-20) (\OML/lmm/m/it/10.95 G\OT1/lmr/m/n/10.95 (-20) )$ \T1/lmr/m/n/10.95 (-20) let $\OMS/lmsy/m/n/10.95 S[] \OT1/lmr/m/n/10.95 (-20) := []$
 []

Package cleveref Info: loaded `english' language definitions on input line 213.
[14]
Package cleveref Info: loaded `english' language definitions on input line 247.
 [15]
Package cleveref Info: loaded `english' language definitions on input line 270.
 [16]
Package hyperref Info: bookmark level for unknown algorithm defaults to 0 on input line 295.
Package microtype Info: Character `029' is missing
(microtype)             in font `T1/lmr/m/sc/10.95'.
(microtype)             Ignoring protrusion settings for this character.
LaTeX Font Info:    Trying to load font information for T1+lmtt on input line 300.
 (/usr/share/texmf-dist/tex/latex/lm/t1lmtt.fd
File: t1lmtt.fd 2015/05/01 v1.6.1 Font defs for Latin Modern
)
Package microtype Info: Loading generic protrusion settings for font family
(microtype)             `lmtt' (encoding: T1).
(microtype)             For optimal results, create family-specific settings.
(microtype)             See the microtype manual for details.
Package cleveref Info: loaded `english' language definitions on input line 314.
 [17]
Package cleveref Info: loaded `english' language definitions on input line 335.
 [18]
Package cleveref Info: loaded `english' language definitions on input line 366.
 [19]
Package cleveref Info: loaded `english' language definitions on input line 397.
 [20]) (./chapter/3.tex
Chapter 3.

pdfTeX warning (ext4): destination with the same identifier (name{ALG@line.1}) has been already used, duplicate ignored
<to be read again> 
                   \relax 
l.20         \Function
                      {greedyDendrix}{$\mathcal G$, $k$}
pdfTeX warning (ext4): destination with the same identifier (name{ALG@line.2}) has been already used, duplicate ignored
<to be read again> 
                   \relax 
l.21             \State
                        $M := \{g_1, g_2\}$ such that $M$ maximizes $W(M)$ \...
pdfTeX warning (ext4): destination with the same identifier (name{ALG@line.3}) has been already used, duplicate ignored
<to be read again> 
                   \relax 
l.22             \For
                     {$i \in [3, k]$}
pdfTeX warning (ext4): destination with the same identifier (name{ALG@line.4}) has been already used, duplicate ignored
<to be read again> 
                   \relax 
l.23                 \State
                            Choose $\hat g \in \argmax_{g \in \mathcal G}{W ...
pdfTeX warning (ext4): destination with the same identifier (name{ALG@line.5}) has been already used, duplicate ignored
<to be read again> 
                   \relax 
l.24                 \State
                            $M = M \cup \{\hat g\}$
pdfTeX warning (ext4): destination with the same identifier (name{ALG@line.6}) has been already used, duplicate ignored
<to be read again> 
                   \relax 
l.25             \EndFor
                        
pdfTeX warning (ext4): destination with the same identifier (name{ALG@line.7}) has been already used, duplicate ignored
<to be read again> 
                   \relax 
l.26             \State
                        \textbf{return} $M$
Underfull \vbox (badness 10000) has occurred while \output is active []

 [21


]
Package cleveref Info: loaded `english' language definitions on input line 56.
 [22]
Package cleveref Info: loaded `english' language definitions on input line 74.
 [23]
Package cleveref Info: loaded `english' language definitions on input line 98.
 [24]
Underfull \vbox (badness 10000) has occurred while \output is active []

Package cleveref Info: loaded `english' language definitions on input line 104.
 [25]
Package cleveref Info: loaded `english' language definitions on input line 152.
 [26]
Package cleveref Info: loaded `english' language definitions on input line 172.
 [27]

Package amsmath Warning: Foreign command \atop;
(amsmath)                \frac or \genfrac should be used instead
(amsmath)                 on input line 213.

Package cleveref Info: loaded `english' language definitions on input line 221.
[28]
pdfTeX warning (ext4): destination with the same identifier (name{ALG@line.1}) has been already used, duplicate ignored
<to be read again> 
                   \relax 
l.229         \Function
                       {iterDendrix}{$\mathcal G$, $k$, $t$}
pdfTeX warning (ext4): destination with the same identifier (name{ALG@line.2}) has been already used, duplicate ignored
<to be read again> 
                   \relax 
l.230             \State
                         $M := \varnothing$
pdfTeX warning (ext4): destination with the same identifier (name{ALG@line.3}) has been already used, duplicate ignored
<to be read again> 
                   \relax 
l.231             \For
                      {$i \in [1, t]$}
pdfTeX warning (ext4): destination with the same identifier (name{ALG@line.4}) has been already used, duplicate ignored
<to be read again> 
                   \relax 
l.232             \State
                         $M_i := \texttt{greedyDendrix}(\mathcal G, k)$ \Com...
pdfTeX warning (ext4): destination with the same identifier (name{ALG@line.5}) has been already used, duplicate ignored
<to be read again> 
                   \relax 
l.233                 \State
                             $M = M \cup \{M_i\}$
pdfTeX warning (ext4): destination with the same identifier (name{ALG@line.6}) has been already used, duplicate ignored
<to be read again> 
                   \relax 
l.234                 \State
                             $\mathcal G = \mathcal G - M_i$
pdfTeX warning (ext4): destination with the same identifier (name{ALG@line.7}) has been already used, duplicate ignored
<to be read again> 
                   \relax 
l.235             \EndFor
                         
pdfTeX warning (ext4): destination with the same identifier (name{ALG@line.8}) has been already used, duplicate ignored
<to be read again> 
                   \relax 
l.236             \State
                         \textbf{return} $M$
Package cleveref Info: loaded `english' language definitions on input line 256.
 [29]
Package cleveref Info: loaded `english' language definitions on input line 270.
 [30]
Package cleveref Info: loaded `english' language definitions on input line 290.
 [31]
Package cleveref Info: loaded `english' language definitions on input line 325.
 [32]
Package cleveref Info: loaded `english' language definitions on input line 343.
 [33]
Package cleveref Info: loaded `english' language definitions on input line 363.
 [34]
Underfull \vbox (badness 10000) has occurred while \output is active []

Package cleveref Info: loaded `english' language definitions on input line 369.
 [35]
pdfTeX warning (ext4): destination with the same identifier (name{ALG@line.1}) has been already used, duplicate ignored
<to be read again> 
                   \relax 
l.389         \Function
                       {greedyMutex}{$g$, $k_\mathrm{max}$, $G$, $A$, \textt...
pdfTeX warning (ext4): destination with the same identifier (name{ALG@line.2}) has been already used, duplicate ignored
<to be read again> 
                   \relax 
l.390             \State
                         $M := \{g\}$
pdfTeX warning (ext4): destination with the same identifier (name{ALG@line.3}) has been already used, duplicate ignored
<to be read again> 
                   \relax 
l.391             \Do
                     
pdfTeX warning (ext4): destination with the same identifier (name{ALG@line.4}) has been already used, duplicate ignored
<to be read again> 
                   \relax 
l.392                 \State
                             $M_p := M$
pdfTeX warning (ext4): destination with the same identifier (name{ALG@line.5}) has been already used, duplicate ignored
<to be read again> 
                   \relax 
l.393                 \State
                             $M := \texttt{expandGroup}(M, G, A, \texttt{fin...
pdfTeX warning (ext4): destination with the same identifier (name{ALG@line.6}) has been already used, duplicate ignored
<to be read again> 
                   \relax 
l.394             \doWhile
                          {$M \neq M_p \land \abs{M} < k_\mathrm{max}$} \Com...
pdfTeX warning (ext4): destination with the same identifier (name{ALG@line.7}) has been already used, duplicate ignored
<to be read again> 
                   \relax 
l.395             \State
                         \textbf{return} $M$
pdfTeX warning (ext4): destination with the same identifier (name{ALG@line.8}) has been already used, duplicate ignored
<to be read again> 
                   \relax 
l.396         \EndFunction
                          
Package cleveref Info: loaded `english' language definitions on input line 406.
 [36]
pdfTeX warning (ext4): destination with the same identifier (name{ALG@line.1}) has been already used, duplicate ignored
<to be read again> 
                   \relax 
l.419         \Function
                       {expandGroup}{$M$, $G$, $A$, \texttt{final}}
pdfTeX warning (ext4): destination with the same identifier (name{ALG@line.2}) has been already used, duplicate ignored
<to be read again> 
                   \relax 
l.420             \State
                         $b := \texttt{NULL}$ \Comment{$b$ is the current be...
pdfTeX warning (ext4): destination with the same identifier (name{ALG@line.3}) has been already used, duplicate ignored
<to be read again> 
                   \relax 
l.421             \State
                         $b_s := 1$ \Comment{$b_v$ is $b$'s associated score}
pdfTeX warning (ext4): destination with the same identifier (name{ALG@line.4}) has been already used, duplicate ignored
<to be read again> 
                   \relax 
l.422             \State
                         $\mathcal N := \texttt{\{\}}$
pdfTeX warning (ext4): destination with the same identifier (name{ALG@line.5}) has been already used, duplicate ignored
<to be read again> 
                   \relax 
l.423             \If
                     {\texttt{final}}
pdfTeX warning (ext4): destination with the same identifier (name{ALG@line.6}) has been already used, duplicate ignored
<to be read again> 
                   \relax 
l.424                 \State
                             $\mathcal P := \texttt{pValues}(M, A)$ \Comment...
pdfTeX warning (ext4): destination with the same identifier (name{ALG@line.7}) has been already used, duplicate ignored
<to be read again> 
                   \relax 
l.425                 \For
                          {$g \in M$}
pdfTeX warning (ext4): destination with the same identifier (name{ALG@line.8}) has been already used, duplicate ignored
<to be read again> 
                   \relax 
l.426                     \State
                                 $\mathcal N.\texttt{add\_entry}(g, \mathcal...
pdfTeX warning (ext4): destination with the same identifier (name{ALG@line.9}) has been already used, duplicate ignored
<to be read again> 
                   \relax 
l.427                 \EndFor
                             
Package cleveref Info: loaded `english' language definitions on input line 456.
 [37]
<../assets/greedy_mutex.png, id=963, 1408.51219pt x 234.1247pt>
File: ../assets/greedy_mutex.png Graphic file (type png)
<use ../assets/greedy_mutex.png>
Package pdftex.def Info: ../assets/greedy_mutex.png  used on input line 469.
(pdftex.def)             Requested size: 380.30338pt x 63.21451pt.
Package cleveref Info: loaded `english' language definitions on input line 488.
 [38 <../assets/greedy_mutex.png (PNG copy)>]
pdfTeX warning (ext4): destination with the same identifier (name{ALG@line.1}) has been already used, duplicate ignored
<to be read again> 
                   \relax 
l.518         \Function
                       {score}{$M$, $A$, \texttt{final}, $\mathcal N$}
pdfTeX warning (ext4): destination with the same identifier (name{ALG@line.2}) has been already used, duplicate ignored
<to be read again> 
                   \relax 
l.519             \State
                         $\mathcal P := \texttt{pValues}(M, A)$
pdfTeX warning (ext4): destination with the same identifier (name{ALG@line.3}) has been already used, duplicate ignored
<to be read again> 
                   \relax 
l.520             \If
                     {$\texttt{final}$} \Comment{initial $p$-values correction}
pdfTeX warning (ext4): destination with the same identifier (name{ALG@line.4}) has been already used, duplicate ignored
<to be read again> 
                   \relax 
l.521                 \For
                          {$g \in M$}
pdfTeX warning (ext4): destination with the same identifier (name{ALG@line.5}) has been already used, duplicate ignored
<to be read again> 
                   \relax 
l.523                     \State
                                 $\mathcal N_g := \mathcal N\texttt{[}g\text...
pdfTeX warning (ext4): destination with the same identifier (name{ALG@line.6}) has been already used, duplicate ignored
<to be read again> 
                   \relax 
l.524                     \State
                                 $c := \abs{\{i \mid \mathcal N_g\texttt{[}i...
pdfTeX warning (ext4): destination with the same identifier (name{ALG@line.7}) has been already used, duplicate ignored
<to be read again> 
                   \relax 
l.530                     \State
                                 $\mathcal P\texttt{[}g\texttt{]} := \max\rb...
pdfTeX warning (ext4): destination with the same identifier (name{ALG@line.8}) has been already used, duplicate ignored
<to be read again> 
                   \relax 
l.531                 \EndFor
                             
pdfTeX warning (ext4): destination with the same identifier (name{ALG@line.9}) has been already used, duplicate ignored
<to be read again> 
                   \relax 
l.532             \EndIf
                        
pdfTeX warning (ext4): destination with the same identifier (name{ALG@line.10}) has been already used, duplicate ignored
<to be read again> 
                   \relax 
l.533             \State
                         \textbf{return} $\max_{g \in M}{\mathcal P\texttt{[...
pdfTeX warning (ext4): destination with the same identifier (name{ALG@line.11}) has been already used, duplicate ignored
<to be read again> 
                   \relax 
l.534         \EndFunction
                          
Package cleveref Info: loaded `english' language definitions on input line 537.
 [39]
Package cleveref Info: loaded `english' language definitions on input line 547.
 [40]
LaTeX Font Info:    External font `lmex10' loaded for size
(Font)              <14.4> on input line 556.


Package hyperref Warning: Token not allowed in a PDF string (Unicode):
(hyperref)                removing `math shift' on input line 556.


Package hyperref Warning: Token not allowed in a PDF string (Unicode):
(hyperref)                removing `superscript' on input line 556.


Package hyperref Warning: Token not allowed in a PDF string (Unicode):
(hyperref)                removing `math shift' on input line 556.

Package cleveref Info: loaded `english' language definitions on input line 564.
[41]
Package cleveref Info: loaded `english' language definitions on input line 595.
 [42]
<../assets/frequency_c3.jpeg, id=1061, 391.4625pt x 394.47375pt>
File: ../assets/frequency_c3.jpeg Graphic file (type jpg)
<use ../assets/frequency_c3.jpeg>
Package pdftex.def Info: ../assets/frequency_c3.jpeg  used on input line 600.
(pdftex.def)             Requested size: 234.8793pt x 236.68607pt.
Package cleveref Info: loaded `english' language definitions on input line 614.
 [43 <../assets/frequency_c3.jpeg>]
Package cleveref Info: loaded `english' language definitions on input line 655.
 [44]
Package cleveref Info: loaded `english' language definitions on input line 704.
 [45]
Package cleveref Info: loaded `english' language definitions on input line 740.
 [46]
pdfTeX warning (ext4): destination with the same identifier (name{ALG@line.1}) has been already used, duplicate ignored
<to be read again> 
                   \relax 
l.756         \Function
                       {roundingProcedure}{$G$, $\{x_e\}_{e \in E(G)}$, $\al...
pdfTeX warning (ext4): destination with the same identifier (name{ALG@line.2}) has been already used, duplicate ignored
<to be read again> 
                   \relax 
l.757             \State
                         $\mathcal C := \varnothing$ \Comment{the output set...
pdfTeX warning (ext4): destination with the same identifier (name{ALG@line.3}) has been already used, duplicate ignored
<to be read again> 
                   \relax 
l.758             \State
                         $S := V(G)$
pdfTeX warning (ext4): destination with the same identifier (name{ALG@line.4}) has been already used, duplicate ignored
<to be read again> 
                   \relax 
l.759             \While
                        {$S \neq \varnothing$}
pdfTeX warning (ext4): destination with the same identifier (name{ALG@line.5}) has been already used, duplicate ignored
<to be read again> 
                   \relax 
l.760                 \State
                             Choose an arbitrary $u \in S$ \Comment{this is ...
pdfTeX warning (ext4): destination with the same identifier (name{ALG@line.6}) has been already used, duplicate ignored
<to be read again> 
                   \relax 
l.761                 \State
                             $T := \{w \in S - \{u\} \mid x_{uw} \le \alpha\...
pdfTeX warning (ext4): destination with the same identifier (name{ALG@line.7}) has been already used, duplicate ignored
<to be read again> 
                   \relax 
l.762                 \If
                         {$\sum_{w \in T}{x_{uw}} \ge \frac{\alpha}{2}\abs{T}$}
pdfTeX warning (ext4): destination with the same identifier (name{ALG@line.8}) has been already used, duplicate ignored
<to be read again> 
                   \relax 
l.763                     \State
                                 $\mathcal C = \mathcal C \cup \{\{u\}\}$ \C...
pdfTeX warning (ext4): destination with the same identifier (name{ALG@line.9}) has been already used, duplicate ignored
<to be read again> 
                   \relax 
l.764                     \State
                                 $S = S - \{u\}$
pdfTeX warning (ext4): destination with the same identifier (name{ALG@line.10}) has been already used, duplicate ignored
<to be read again> 
                   \relax 
l.765                 \ElsIf
                            {$\abs{T} \le k$}
pdfTeX warning (ext4): destination with the same identifier (name{ALG@line.11}) has been already used, duplicate ignored
<to be read again> 
                   \relax 
l.766                     \State
                                 $\mathcal C = \mathcal C \cup \{\{u\} \cup ...
pdfTeX warning (ext4): destination with the same identifier (name{ALG@line.12}) has been already used, duplicate ignored
<to be read again> 
                   \relax 
l.767                     \State
                                 $S = S - \rbk{\{u\} \cup T}$
pdfTeX warning (ext4): destination with the same identifier (name{ALG@line.13}) has been already used, duplicate ignored
<to be read again> 
                   \relax 
l.768                 \Else
                           
pdfTeX warning (ext4): destination with the same identifier (name{ALG@line.14}) has been already used, duplicate ignored
<to be read again> 
                   \relax 
l.769             \State
                         Partition $T$ into $\{T_0', T_1, \ldots, T_p\}$, su...
pdfTeX warning (ext4): destination with the same identifier (name{ALG@line.15}) has been already used, duplicate ignored
<to be read again> 
                   \relax 
l.770                     \State
                                 $T_0 := T_0' \cup \{u\}$ \Comment{$T_0$ has...
pdfTeX warning (ext4): destination with the same identifier (name{ALG@line.16}) has been already used, duplicate ignored
<to be read again> 
                   \relax 
l.771                     \For
                              {$i \in [0, p]$}
pdfTeX warning (ext4): destination with the same identifier (name{ALG@line.17}) has been already used, duplicate ignored
<to be read again> 
                   \relax 
l.772                         \State
                                     $\mathcal C = \mathcal C \cup \{T_i\}$ ...
pdfTeX warning (ext4): destination with the same identifier (name{ALG@line.18}) has been already used, duplicate ignored
<to be read again> 
                   \relax 
l.773                     \EndFor
                                 
pdfTeX warning (ext4): destination with the same identifier (name{ALG@line.19}) has been already used, duplicate ignored
<to be read again> 
                   \relax 
l.774                     \State
                                 $S = S - \rbk{\{u\} \cup T}$
pdfTeX warning (ext4): destination with the same identifier (name{ALG@line.20}) has been already used, duplicate ignored
<to be read again> 
                   \relax 
l.775                 \EndIf
                            
pdfTeX warning (ext4): destination with the same identifier (name{ALG@line.21}) has been already used, duplicate ignored
<to be read again> 
                   \relax 
l.776             \EndWhile
                           
pdfTeX warning (ext4): destination with the same identifier (name{ALG@line.22}) has been already used, duplicate ignored
<to be read again> 
                   \relax 
l.777             \State
                         \textbf{return} $\mathcal C$
pdfTeX warning (ext4): destination with the same identifier (name{ALG@line.23}) has been already used, duplicate ignored
<to be read again> 
                   \relax 
l.778         \EndFunction
                          
Underfull \vbox (badness 10000) has occurred while \output is active []

Package cleveref Info: loaded `english' language definitions on input line 781.
 [47]
Package cleveref Info: loaded `english' language definitions on input line 793.
 [48]
Package cleveref Info: loaded `english' language definitions on input line 829.
 [49]
Package cleveref Info: loaded `english' language definitions on input line 846.
 [50]
Package cleveref Info: loaded `english' language definitions on input line 853.
 [51]) (./chapter/4.tex
Chapter 4.
Package hyperref Info: bookmark level for unknown todo defaults to 0 on input line 3.
[52


]
Package cleveref Info: loaded `english' language definitions on input line 47.
 [53]
Package cleveref Info: loaded `english' language definitions on input line 63.
 [54]
Package cleveref Info: loaded `english' language definitions on input line 81.
 [55]

Package hyperref Warning: Token not allowed in a PDF string (Unicode):
(hyperref)                removing `math shift' on input line 88.


Package hyperref Warning: Token not allowed in a PDF string (Unicode):
(hyperref)                removing `superscript' on input line 88.


Package hyperref Warning: Token not allowed in a PDF string (Unicode):
(hyperref)                removing `math shift' on input line 88.

Package cleveref Info: loaded `english' language definitions on input line 95.
[56]
Package cleveref Info: loaded `english' language definitions on input line 96.
 [57]) (./chapter/conclusions.tex) (./chapter/ack.tex [58


]) [59

] [60


]
Package cleveref Info: loaded `english' language definitions on input line 226.
 [61]
Package cleveref Info: loaded `english' language definitions on input line 226.
 [62]
Package cleveref Info: loaded `english' language definitions on input line 228.
 [63] (./Thesis.aux
Package cleveref Info: loaded `english' language definitions on input line 22.
)
Package rerunfilecheck Info: File `Thesis.out' has not changed.
(rerunfilecheck)             Checksum: 9836D80F7E7483056BD89DFD5C93C5CD;10487.
Package logreq Info: Writing requests to 'Thesis.run.xml'.
\openout1 = `Thesis.run.xml'.

 ) 
Here is how much of TeX's memory you used:
 51587 strings out of 477974
 1072038 string characters out of 5839630
 1946073 words of memory out of 5000000
 70222 multiletter control sequences out of 15000+600000
 667027 words of font info for 337 fonts, out of 8000000 for 9000
 14 hyphenation exceptions out of 8191
 98i,21n,131p,1852b,2789s stack positions out of 10000i,1000n,20000p,200000b,200000s
</usr/share/texmf-dist/fonts/type1/public/lm/lmbx10.pfb></usr/share/texmf-dist/fonts/type1/public/lm/lmbx12.pfb></usr/share/texmf-dist/fonts/type1/public/lm/lmbxi10.pfb></usr/share/texmf-dist/fonts/type1/public/lm/lmcsc10.pfb></usr/share/texmf-dist/fonts/type1/public/lm/lmex10.pfb></usr/share/texmf-dist/fonts/type1/public/lm/lmmi10.pfb></usr/share/texmf-dist/fonts/type1/public/lm/lmmi6.pfb></usr/share/texmf-dist/fonts/type1/public/lm/lmmi8.pfb></usr/share/texmf-dist/fonts/type1/public/lm/lmr10.pfb></usr/share/texmf-dist/fonts/type1/public/lm/lmr12.pfb></usr/share/texmf-dist/fonts/type1/public/lm/lmr6.pfb></usr/share/texmf-dist/fonts/type1/public/lm/lmr7.pfb></usr/share/texmf-dist/fonts/type1/public/lm/lmr8.pfb></usr/share/texmf-dist/fonts/type1/public/lm/lmr9.pfb></usr/share/texmf-dist/fonts/type1/public/lm/lmri10.pfb></usr/share/texmf-dist/fonts/type1/public/lm/lmri7.pfb></usr/share/texmf-dist/fonts/type1/public/lm/lmri8.pfb></usr/share/texmf-dist/fonts/type1/public/lm/lmss10.pfb></usr/share/texmf-dist/fonts/type1/public/lm/lmss17.pfb></usr/share/texmf-dist/fonts/type1/public/lm/lmssbx10.pfb></usr/share/texmf-dist/fonts/type1/public/lm/lmsy10.pfb></usr/share/texmf-dist/fonts/type1/public/lm/lmsy6.pfb></usr/share/texmf-dist/fonts/type1/public/lm/lmsy8.pfb></usr/share/texmf-dist/fonts/type1/public/lm/lmtt10.pfb></usr/share/texmf-dist/fonts/type1/public/amsfonts/symbols/msbm10.pfb></usr/share/texmf-dist/fonts/type1/public/rsfs/rsfs10.pfb>
Output written on Thesis.pdf (71 pages, 866526 bytes).
PDF statistics:
 1569 PDF objects out of 1728 (max. 8388607)
 1420 compressed objects within 15 object streams
 344 named destinations out of 1000 (max. 500000)
 86060 words of extra memory for PDF output out of 89155 (max. 10000000)

